2
19 73 50 47 16 23 40 32 57 80 95 6 1 57 90 26 17 19 30 67 81 26 19 10 38 91 76 29 10 25 84 35 
2
79 65 87 48 32 66 86 29 77 80 61 17 49 90 79 26 48 44 75 12 26 36 89 62 46 42 65 9 41 4 6 37 14 19 73 50 47 16 23 40 32 57 80 95 6 1 57 90 26 17 19 30 67 81 26 19 10 38 91 76 29 10 25 84 35 53 67 43 31 28 47 49 43 46 1 13 7 81 18 8 21 1 63 16 23 85 18 16 14 43 56 62 19 17 48 28 13 8 53 96 
0
32 66 86 29 77 80 61 17 49 90 79 26 48 44 75 12 26 36 89 62 46 42 65 9 41 4 6 37 14 19 73 50 47 16 23 40 32 57 80 95 6 1 57 90 26 17 19 30 67 81 26 19 10 38 91 76 29 10 25 84 35 53 67 43 31 28 47 49 
62 46 42 65 9 41 4 6 37 14 19 73 50 47 16 23 40 32 57 80 95 6 1 57 90 26 17 19 
20 79 65 87 48 32 66 86 29 77 80 61 17 49 90 79 26 48 44 75 12 26 36 89 62 46 42 65 9 41 4 6 37 14 19 73 50 47 16 23 40 32 57 80 95 6 1 57 90 26 17 19 30 67 81 26 19 10 38 91 76 29 10 25 84 35 53 67 43 31 28 47 49 43 46 1 13 7 81 18 8 21 1 63 16 23 85 18 16 14 43 56 62 19 17 48 28 13 8 53 96 
0
20 79 65 87 48 32 66 86 29 77 80 61 17 49 90 79 26 48 44 75 12 26 36 89 62 46 42 65 9 41 4 6 37 14 19 73 50 47 16 23 40 32 57 80 95 6 1 57 90 26 17 19 30 67 81 26 19 10 38 91 76 29 10 25 84 35 53 67 43 31 28 47 49 43 46 1 13 7 81 18 8 21 1 63 16 23 85 18 16 14 43 56 62 19 17 48 28 13 8 53 96 
66 86 29 77 80 61 17 49 90 79 26 48 44 75 12 26 36 89 62 46 42 65 9 41 4 6 37 14 19 73 50 47 16 23 40 32 57 80 95 6 1 57 90 26 17 19 30 67 
0
20 79 65 87 48 32 66 86 29 77 80 61 17 49 90 79 26 48 44 75 12 26 36 89 62 46 42 65 9 41 4 6 37 14 19 73 50 47 16 23 40 32 57 80 95 6 1 57 90 26 17 19 30 67 81 26 19 10 38 91 76 29 10 25 84 35 53 67 43 31 28 47 49 43 46 1 13 7 81 18 8 21 1 63 16 23 85 18 16 14 43 56 62 19 17 48 28 13 8 53 96 
20 79 65 87 48 32 66 86 29 77 80 61 17 49 90 79 26 48 44 75 12 26 36 89 62 46 42 65 9 41 4 6 37 14 19 73 50 47 16 23 40 32 57 80 95 6 1 57 90 26 17 19 30 67 81 26 19 10 38 91 76 29 10 25 84 35 53 67 43 31 28 47 49 43 46 1 13 7 81 18 8 21 1 63 16 23 85 18 16 14 43 56 62 19 17 48 28 13 8 53 96 
20 79 65 87 48 32 66 86 29 77 80 61 17 49 90 79 26 48 44 75 12 26 36 89 62 46 42 65 9 41 4 6 37 14 19 73 50 47 16 23 40 32 57 80 95 6 1 57 90 26 17 19 30 67 81 26 19 10 38 91 76 29 10 25 84 35 53 67 43 31 28 47 49 43 46 1 13 7 81 18 8 21 1 63 16 23 85 18 16 14 43 56 62 19 17 48 28 13 8 53 96 
2
20 79 65 87 48 32 66 86 29 77 80 61 17 49 90 79 26 48 44 75 12 26 36 89 62 46 42 65 9 41 4 6 37 14 19 73 50 47 16 23 40 32 57 80 95 6 1 57 90 26 17 19 30 67 81 26 19 10 38 91 76 29 10 25 84 35 67 43 31 28 47 49 43 46 1 13 7 81 18 8 21 1 63 16 23 85 18 16 14 43 56 62 19 17 48 28 13 8 96 
80 95 6 1 57 90 26 17 19 30 67 81 26 19 10 38 91 76 29 10 25 84 35 67 43 31 28 47 49 43 46 1 13 7 81 18 8 21 1 63 
0
4
20 79 65 87 48 32 66 86 29 77 80 61 17 49 90 79 26 48 44 75 12 26 36 89 62 46 42 65 9 41 4 6 37 14 19 73 50 47 16 23 40 32 57 80 95 6 1 57 90 26 17 19 30 67 81 26 19 10 38 91 76 29 10 25 84 35 67 43 31 28 47 49 43 46 1 13 7 81 18 8 21 1 63 16 23 85 18 16 14 43 56 62 19 17 48 28 13 8 96 
20 79 65 87 48 32 66 86 29 77 80 61 17 49 90 79 26 48 44 75 12 26 36 89 62 46 42 65 9 41 4 6 37 14 19 73 50 47 16 23 40 32 57 80 95 6 1 57 90 26 17 19 30 67 81 26 19 10 38 91 76 29 10 25 84 35 67 43 31 28 47 49 43 46 1 13 7 81 18 8 21 1 63 16 23 85 18 16 14 43 56 62 19 17 48 28 13 8 96 
2
0
78 20 79 65 87 48 32 66 86 29 77 80 61 17 49 90 79 26 48 44 75 12 26 36 89 62 46 42 65 9 41 4 6 37 14 19 73 50 47 16 23 40 32 57 80 95 6 1 57 90 26 17 19 30 67 81 26 19 10 38 91 76 29 10 25 84 35 67 43 31 28 47 49 43 46 1 13 7 81 18 8 21 1 63 16 23 85 18 16 
1
1
0
0
1
78 20 79 65 87 48 32 66 86 29 77 80 61 17 49 90 79 26 48 44 75 12 26 36 89 62 46 42 65 9 41 4 6 37 14 19 73 50 47 16 23 40 32 57 80 95 6 1 57 90 26 17 19 30 67 81 26 19 10 38 91 76 29 10 25 84 35 67 43 31 28 47 49 43 46 1 13 7 81 18 8 21 1 16 23 18 16 14 43 56 62 19 17 48 28 13 8 96 
62 46 42 65 9 41 4 6 37 14 19 73 50 47 16 23 40 32 57 80 95 6 1 57 90 26 17 19 30 67 81 26 19 10 38 91 
78 20 79 65 87 48 32 66 86 29 77 80 61 17 49 90 79 26 48 44 75 12 26 36 89 62 46 42 65 9 41 4 6 37 14 19 73 50 47 16 23 40 32 57 80 95 6 1 57 90 26 17 19 30 67 81 26 19 10 38 91 76 29 10 25 84 35 67 43 31 28 47 49 43 46 1 13 7 81 18 8 21 1 16 23 18 16 14 43 56 62 19 17 48 28 13 8 96 
3
23 40 32 57 80 95 6 1 57 90 26 17 
1
0
78 20 79 65 87 48 32 66 86 29 77 80 61 17 49 90 79 26 48 44 75 12 26 36 89 62 46 42 65 9 41 4 6 37 14 19 73 50 47 16 23 40 32 57 80 95 6 1 57 90 26 17 19 30 67 81 26 19 10 38 91 76 29 10 84 35 67 31 28 47 49 46 1 13 7 81 18 8 21 1 16 23 18 16 14 56 62 19 17 48 28 13 8 96 
6 37 14 19 73 50 47 16 23 40 32 57 80 95 6 1 57 90 26 17 19 30 67 81 26 19 10 38 91 76 29 10 84 35 67 31 28 47 
78 20 79 65 87 48 32 66 86 29 77 80 61 17 49 90 79 26 48 44 75 12 26 36 89 62 46 42 65 9 41 4 6 37 14 19 73 50 47 16 23 40 32 57 80 95 6 1 57 90 26 17 19 30 67 81 26 19 10 38 91 76 29 10 84 35 67 31 28 47 49 46 1 13 7 81 18 8 21 1 16 23 18 16 14 56 62 19 17 48 28 13 8 96 
78 20 79 65 87 48 32 66 86 29 77 80 61 17 49 90 79 26 48 44 75 12 26 36 89 62 46 42 65 9 41 4 6 37 14 19 73 50 47 16 23 40 32 57 80 95 6 1 57 90 26 17 19 30 67 81 26 19 10 38 91 76 29 10 84 35 67 31 28 47 49 46 1 13 7 81 18 8 21 1 16 23 18 16 14 56 62 19 17 48 28 13 8 96 
2
1
2
2
29 77 80 61 17 49 90 79 26 48 44 75 12 26 36 89 62 46 42 65 9 41 4 6 37 14 19 73 50 47 16 23 40 32 57 80 95 6 1 70 57 90 26 17 19 30 67 81 26 19 10 38 91 76 
1
1
0
14 19 73 50 47 16 23 40 32 57 80 95 6 1 70 57 90 26 17 
0
79 65 87 48 32 66 86 29 77 80 61 17 49 90 79 26 48 44 75 12 26 36 89 62 46 42 65 9 4 6 37 14 19 73 50 47 16 23 40 32 57 80 95 6 1 70 57 90 26 17 19 30 67 81 26 19 10 38 91 76 29 10 84 35 67 31 47 49 46 1 13 
33 78 79 65 87 48 32 66 86 29 77 80 61 17 49 90 79 26 48 44 75 12 26 36 89 62 46 42 65 9 4 6 37 14 19 73 50 47 16 23 40 32 57 80 95 6 1 70 57 90 26 17 19 30 67 81 26 19 10 38 91 76 29 10 84 35 67 31 47 49 46 1 13 7 81 18 8 21 1 16 23 18 16 14 56 62 19 17 48 13 8 96 85 
2
98 93 33 78 79 65 87 48 32 66 86 29 77 80 61 17 49 90 79 26 48 44 75 12 26 36 89 62 46 42 65 9 4 6 37 14 19 73 50 47 16 23 40 32 57 80 95 6 1 70 57 90 26 17 19 30 67 81 26 19 10 38 91 76 29 10 84 35 67 31 47 49 46 1 13 7 81 18 8 21 1 16 23 18 16 14 56 62 19 17 48 13 8 96 85 
98 93 33 78 79 65 87 48 32 66 86 29 77 80 61 17 49 90 79 26 48 44 75 12 26 36 89 62 46 42 65 9 4 6 37 14 19 73 50 47 16 23 40 32 57 80 95 6 1 70 57 90 26 17 19 30 67 81 26 19 10 38 91 76 29 10 84 35 67 31 47 49 46 1 13 7 81 18 8 21 1 16 23 18 16 14 56 62 19 17 48 13 8 96 85 46 
2
0
43 98 93 33 78 65 87 48 32 66 86 29 77 80 61 17 49 90 26 48 44 75 12 26 36 89 62 46 42 65 9 4 6 37 14 19 73 50 47 16 23 40 32 57 80 95 6 1 70 57 90 26 17 19 30 67 81 26 19 10 38 91 76 29 10 84 35 67 31 47 49 46 1 13 7 81 18 8 21 1 16 23 18 16 14 56 62 19 17 48 13 8 96 85 46 
0
33 78 65 87 48 32 66 86 29 77 80 61 17 49 90 26 48 44 75 12 26 36 89 62 46 42 65 9 4 6 37 14 19 73 50 47 16 23 40 32 57 80 95 6 1 70 57 90 26 17 19 30 67 81 26 
48 32 66 86 29 77 80 61 17 49 90 26 48 44 75 12 26 36 89 62 46 42 65 9 4 6 37 14 19 73 50 47 16 23 40 32 57 80 95 6 1 70 57 90 26 17 19 30 67 81 26 19 10 38 91 76 29 10 84 35 67 31 47 49 46 1 13 7 81 18 8 21 1 16 23 18 16 
1
0
0
1
48 44 75 12 26 36 89 62 46 42 65 9 4 6 37 14 19 73 50 47 16 23 40 32 57 80 95 31 6 1 70 57 90 26 17 19 30 67 81 26 19 10 38 91 76 29 10 84 35 67 31 47 49 46 1 13 81 18 8 21 1 16 23 18 16 14 56 62 19 17 48 13 8 96 85 46 
3
0
1
1
0
4 6 37 14 19 73 50 47 16 23 40 32 57 80 95 31 6 70 57 90 26 
0
1
68 92 43 98 33 78 65 87 48 32 66 86 29 77 80 61 17 49 90 26 48 44 75 12 26 36 89 62 46 42 65 9 4 6 37 14 19 73 50 47 16 23 40 32 57 80 95 31 6 70 57 90 26 17 19 30 67 81 26 19 10 38 91 76 29 10 84 35 67 31 47 49 46 13 81 18 8 21 16 23 18 16 14 56 62 19 17 48 13 8 96 85 46 41 59 96 
73 50 47 16 23 40 32 57 80 95 31 6 70 57 90 26 17 19 30 67 81 26 19 10 38 91 76 29 10 84 35 67 31 47 49 46 13 81 18 8 21 16 23 18 16 14 56 62 19 17 
1
26 36 89 62 46 42 65 9 4 6 37 14 19 73 50 47 16 23 40 32 57 80 95 31 6 70 57 90 26 17 19 30 67 81 
68 92 43 98 33 78 65 87 48 32 66 86 29 77 80 61 17 49 90 26 48 44 75 12 26 36 89 62 46 42 65 9 4 6 37 14 19 73 50 47 16 23 40 32 57 80 95 31 6 70 57 90 26 17 19 30 67 81 26 19 10 38 91 76 29 10 35 67 31 47 49 46 13 81 18 8 21 16 23 18 16 14 56 62 19 17 48 13 8 96 85 46 41 59 96 
68 92 43 98 33 78 65 87 48 32 66 86 29 77 80 61 17 49 90 26 48 44 75 12 26 36 89 62 46 42 65 9 4 6 37 14 19 73 50 47 16 23 40 32 57 80 95 31 6 70 57 90 26 17 19 30 67 81 26 19 10 38 91 76 29 10 35 67 31 47 49 46 13 81 18 8 21 16 23 18 16 14 56 62 19 17 48 13 8 96 85 46 41 59 96 
0
13 68 92 43 98 33 78 65 87 48 32 66 86 29 77 80 61 17 49 90 26 48 44 75 12 26 36 89 62 46 42 65 9 4 6 37 14 19 73 50 47 16 23 40 32 57 80 95 31 6 70 57 90 26 17 19 30 67 81 26 19 10 38 91 76 29 10 35 67 31 47 49 46 13 81 18 8 21 16 23 18 16 14 56 62 19 17 48 13 8 96 85 46 41 59 96 
1
13 68 92 43 98 33 78 65 87 48 32 66 86 29 77 80 61 17 49 90 26 48 44 75 12 26 36 89 62 46 42 65 9 4 6 37 14 19 73 50 47 16 23 40 32 57 80 95 31 6 70 57 90 26 17 19 30 67 81 26 19 10 38 91 76 29 10 35 67 31 47 49 46 13 81 18 8 21 16 23 18 16 14 56 62 19 17 48 13 8 96 85 46 41 59 96 
2
2
0
33 78 65 87 48 32 66 86 29 77 80 61 17 49 90 26 48 44 75 12 26 36 89 62 46 42 65 9 4 6 37 14 19 73 50 47 16 23 40 32 57 80 95 31 6 70 57 90 26 17 19 30 67 81 26 19 10 38 91 76 29 10 35 67 31 47 49 46 13 81 18 8 21 16 23 18 16 14 56 62 19 17 
13 68 92 43 98 33 78 65 87 48 32 66 86 29 77 80 61 17 49 90 26 48 44 75 12 26 36 89 62 46 42 65 9 4 6 37 14 19 73 50 47 16 23 40 32 57 80 95 31 6 70 57 90 26 17 19 30 67 81 26 19 10 38 91 76 29 10 35 67 31 47 49 46 13 81 18 8 21 16 23 18 16 14 56 62 19 17 48 13 8 96 85 46 41 59 96 
0
0
47 16 23 40 32 57 80 95 31 6 70 57 90 26 17 19 30 67 81 26 19 10 38 91 
1
13 68 92 43 98 33 78 65 87 48 32 66 86 29 77 80 61 17 49 90 26 48 44 75 12 26 36 89 62 46 42 65 9 4 6 37 14 19 73 50 47 16 23 40 32 57 80 95 31 6 70 57 90 26 17 19 30 67 81 26 19 10 38 91 76 29 10 35 67 31 47 49 46 13 81 18 8 21 16 23 18 16 14 56 62 19 17 48 13 8 96 85 46 41 59 96 57 
1
0
0
1
0
44 75 12 26 36 62 46 42 65 9 4 6 37 14 19 73 50 47 16 23 40 32 57 80 95 31 6 70 57 90 26 
1
2
80 95 31 6 70 57 90 26 17 19 30 67 26 19 10 38 91 76 29 10 35 67 31 47 49 46 13 18 8 21 16 23 18 16 14 
57 13 68 92 43 98 33 78 65 87 48 32 66 86 29 77 80 61 17 49 90 26 48 44 75 12 26 36 62 46 42 65 9 4 6 37 14 19 73 50 47 16 23 40 32 57 80 95 31 6 70 57 90 26 17 19 30 67 26 19 10 38 91 76 29 10 35 67 31 47 49 46 13 18 8 21 16 23 18 16 14 56 62 19 17 48 13 8 96 85 46 59 96 57 78 
1
49 90 26 48 44 75 12 26 36 62 46 42 65 9 4 6 37 14 19 50 47 16 23 40 32 57 80 95 31 6 70 57 90 26 17 19 30 67 26 19 10 38 91 76 29 10 35 67 31 47 49 46 13 18 8 21 16 23 18 16 14 
1
1
85 57 13 68 92 43 98 33 78 65 87 48 32 66 86 29 77 80 61 17 49 90 26 48 44 75 12 26 36 62 46 42 65 4 6 37 14 19 50 47 16 23 40 32 57 80 95 31 6 70 57 90 26 17 19 30 67 26 19 10 38 91 76 29 10 35 67 31 47 49 46 13 18 8 21 16 23 18 16 14 56 62 19 17 48 13 8 96 85 46 59 96 57 78 
85 57 13 68 92 43 98 33 78 65 87 48 32 66 86 29 77 80 61 17 49 90 26 48 44 75 12 26 36 62 46 42 65 4 6 37 14 19 50 47 16 23 40 32 57 80 95 31 6 70 57 90 26 17 19 30 67 26 19 10 38 91 76 29 10 35 67 31 47 49 46 13 18 8 21 16 23 18 16 14 56 62 19 17 48 13 8 96 85 46 59 96 57 78 
85 57 13 68 92 43 98 33 78 65 87 48 32 66 86 29 77 80 61 17 49 90 26 48 44 75 12 26 36 62 46 42 65 4 6 37 14 19 50 47 16 23 40 32 57 80 95 31 6 70 57 90 26 17 19 30 67 26 19 10 38 91 76 29 10 35 67 31 47 49 46 13 18 8 21 16 23 18 16 14 56 62 19 17 48 13 8 96 85 46 59 96 57 78 
4
86 29 77 80 61 17 49 90 26 48 44 75 12 26 36 62 46 42 65 4 6 37 14 19 50 47 16 23 40 32 80 95 31 6 70 90 26 17 19 30 67 26 19 10 38 91 76 29 10 35 67 31 47 49 46 13 18 8 21 16 23 18 16 14 56 62 19 17 48 13 8 96 85 
1
1
0
2
16 85 13 68 92 43 98 33 78 65 87 48 32 66 86 29 77 80 61 17 49 90 26 48 44 75 12 26 36 62 46 42 65 99 4 6 37 14 19 50 47 16 23 40 32 80 95 31 6 70 90 26 17 19 30 67 26 19 10 38 91 76 29 10 35 67 31 47 49 46 13 18 8 21 16 23 18 16 14 56 62 19 17 48 13 8 96 85 46 59 96 78 
16 85 13 68 92 43 98 33 78 65 87 48 32 66 86 29 77 80 61 17 49 90 26 48 44 75 12 26 36 62 46 42 65 99 4 6 37 14 19 50 47 16 23 40 32 80 95 31 6 70 90 26 17 19 30 67 26 19 10 38 91 76 29 10 35 67 31 47 49 46 13 18 8 21 16 23 18 16 14 56 62 19 17 48 13 8 96 85 46 59 96 78 
4
2
16 85 13 68 92 43 98 33 78 65 87 48 32 66 86 29 77 80 61 17 49 90 26 48 44 75 12 26 36 62 46 42 65 99 4 6 37 14 50 47 16 23 40 32 80 95 6 70 90 26 17 30 67 26 10 38 91 76 29 10 35 67 47 49 46 13 18 8 21 16 23 18 16 14 56 62 17 48 13 8 96 85 46 59 96 78 
2
2
4
29 77 80 61 17 49 90 26 48 44 70 75 12 26 36 62 46 42 65 99 4 6 37 14 50 47 23 40 32 80 95 6 
1
0
17 49 90 26 48 44 70 75 12 26 36 62 46 42 65 4 6 37 14 50 47 23 40 32 80 95 6 70 90 26 17 30 67 26 10 38 91 76 29 10 35 67 47 49 46 
0
1
0
1
50 47 23 40 32 80 95 6 70 90 26 17 30 67 26 10 38 91 76 29 10 35 67 47 49 46 13 18 8 21 23 18 14 56 62 
3
1
85 13 68 92 43 98 33 78 65 87 48 32 66 86 29 77 80 61 17 49 90 26 48 44 70 75 12 26 36 62 46 42 65 4 6 37 14 50 47 23 40 32 80 95 6 70 90 26 17 30 67 26 10 38 76 29 10 35 67 47 49 46 13 18 8 21 23 18 14 56 62 17 48 13 8 96 85 46 59 96 78 89 
0
80 61 17 49 90 26 48 44 70 75 12 26 36 62 46 42 65 4 6 37 14 50 47 23 40 32 80 95 6 70 90 26 17 30 67 26 10 38 76 29 10 
3
1
0
0
29 77 80 61 17 49 90 26 48 44 70 75 12 26 62 42 65 4 6 37 14 50 47 23 40 32 80 95 6 70 90 26 17 30 67 26 10 38 76 29 10 35 67 47 49 13 18 8 21 23 18 14 56 62 17 48 13 8 96 
48 32 35 66 86 29 77 80 61 17 49 90 26 48 44 70 75 12 26 62 42 65 4 6 37 14 50 47 23 40 32 80 95 6 70 90 26 17 30 67 26 10 38 76 29 10 35 67 47 49 13 18 
0
65 85 13 68 92 43 98 33 78 65 87 48 32 35 66 86 29 77 80 61 17 49 90 26 48 44 70 75 12 26 62 42 65 4 6 37 14 50 47 23 40 32 80 95 6 70 90 26 17 30 67 26 10 38 76 29 10 35 67 47 49 13 18 8 21 23 18 14 56 62 17 48 13 8 96 85 59 96 78 89 
65 85 13 68 92 43 98 33 78 65 87 48 32 35 66 86 29 77 80 61 17 49 90 26 48 44 70 75 12 26 62 42 65 4 6 37 14 50 47 23 40 32 80 95 6 70 90 26 17 30 67 26 10 38 76 29 10 35 67 47 49 13 18 8 21 23 18 14 56 62 17 48 13 8 96 85 59 96 78 89 
65 85 13 68 92 43 98 33 78 65 87 48 32 35 66 86 29 77 80 61 17 49 90 26 48 44 70 75 12 26 62 42 65 4 6 37 14 50 47 23 40 32 80 95 6 70 90 26 17 30 67 26 10 38 76 29 10 35 67 47 49 13 18 8 21 23 18 14 56 62 17 48 13 8 96 85 59 96 78 89 57 
1
0
1
0
1
4 6 37 14 50 47 23 40 32 80 95 6 70 90 26 17 30 67 26 10 38 76 29 
29 44 61 65 85 13 68 92 43 98 33 78 65 87 48 32 35 66 86 29 77 80 61 17 49 90 26 48 44 70 12 26 62 42 65 4 6 37 14 50 47 23 40 32 80 95 6 70 90 26 17 30 67 26 10 38 76 29 10 35 67 47 49 13 18 8 21 23 18 14 56 62 17 48 13 8 96 85 59 96 78 89 57 60 33 
14 50 47 23 40 32 80 95 6 70 90 
1
2
0
2
2
0
13 68 92 43 98 33 78 65 87 48 32 35 66 86 29 77 17 49 90 26 48 44 70 12 26 62 42 65 4 6 37 14 50 47 23 40 32 95 6 70 90 26 17 30 67 26 10 38 29 10 35 67 47 49 13 18 8 21 23 18 14 56 62 17 48 13 8 96 
29 44 65 85 13 68 92 43 98 33 78 65 87 48 32 35 66 86 29 77 17 49 90 26 48 44 70 12 26 62 42 65 4 6 37 14 50 47 23 40 32 95 6 70 90 26 17 30 67 26 10 38 29 10 35 67 47 49 13 18 8 21 23 18 14 56 62 17 48 13 8 96 85 59 96 78 89 57 60 33 89 
70 29 44 65 85 13 68 92 43 98 33 78 65 87 48 32 35 66 86 29 77 17 49 90 26 48 44 70 12 26 62 42 65 4 6 37 14 50 47 23 40 32 95 6 70 90 26 17 30 67 26 10 38 29 10 35 67 47 49 13 18 8 21 23 18 14 56 62 17 48 13 8 96 85 59 96 78 89 57 60 33 89 
70 29 44 65 85 13 68 92 43 98 33 78 65 87 48 32 35 66 86 29 77 17 49 90 26 48 44 70 12 26 62 42 65 4 6 37 14 50 47 23 40 32 95 6 70 90 26 17 30 67 26 10 38 29 10 35 67 47 49 13 18 8 21 23 18 14 56 62 17 48 13 8 96 85 59 96 78 89 57 60 33 89 
1
48 44 70 12 26 62 42 65 4 6 37 14 50 47 23 40 32 95 6 70 90 26 17 30 67 26 
70 55 70 29 44 65 85 13 68 92 43 98 33 78 65 87 48 32 35 66 86 29 77 17 49 90 26 48 44 70 12 26 62 42 65 4 6 37 14 50 47 23 40 32 95 6 70 90 26 17 30 67 26 10 38 29 10 35 67 47 49 13 18 8 21 23 18 14 56 62 17 48 13 8 96 85 59 96 78 89 57 60 33 89 
70 12 26 62 42 65 4 6 37 14 50 47 23 40 32 95 6 70 90 26 17 30 67 26 10 38 29 10 35 67 47 
70 55 70 29 44 65 85 13 68 92 43 98 33 78 65 87 48 32 35 66 86 29 77 17 49 90 26 48 44 70 12 26 62 42 65 4 6 37 14 50 47 23 40 32 95 6 70 90 26 17 30 67 26 10 38 29 10 35 67 47 49 13 18 8 21 23 18 14 56 62 17 48 13 8 96 85 59 96 78 89 57 60 33 89 
0
1
34 70 55 70 29 44 65 85 13 68 92 43 98 33 78 65 87 48 32 35 66 86 29 77 17 49 90 26 48 44 70 12 26 62 42 65 4 6 37 14 50 47 23 40 32 95 6 70 90 26 17 30 67 26 10 38 29 10 35 67 47 49 13 18 8 21 23 18 14 56 62 17 48 13 8 96 85 59 96 78 89 57 60 33 89 23 49 
55 70 29 44 65 85 13 68 92 43 98 33 78 65 87 48 32 35 66 86 29 77 17 49 90 26 48 44 70 12 26 62 42 65 4 6 37 14 50 47 23 40 32 95 6 70 90 26 17 30 67 26 10 38 29 10 35 67 47 49 13 18 8 21 23 18 
34 70 55 70 29 44 65 85 13 68 92 43 98 33 78 65 87 48 32 35 66 86 29 77 17 49 90 26 48 44 70 12 26 62 42 65 4 6 37 14 50 47 23 40 32 95 6 70 90 26 17 30 67 26 10 38 29 10 35 67 47 49 13 18 8 21 23 18 14 56 62 17 48 13 8 96 85 59 96 78 89 57 60 33 89 23 49 
0
34 70 55 70 29 44 65 85 13 68 92 43 98 33 78 65 87 48 32 35 66 86 29 77 17 49 90 26 48 44 70 12 26 62 42 65 4 6 37 14 50 47 23 40 32 95 6 70 90 26 17 30 67 26 10 38 29 10 35 67 47 49 13 18 8 21 23 18 14 56 62 17 48 13 8 96 85 59 96 78 89 57 60 33 89 23 49 
0
4
42 65 4 6 37 14 50 47 23 40 32 95 6 90 26 17 30 
66 86 29 77 17 49 90 26 48 44 12 26 62 42 65 4 6 37 14 50 47 23 40 32 95 6 90 26 17 
0
65 87 48 32 35 66 86 29 77 17 49 90 26 48 44 12 26 62 42 65 4 6 37 14 50 47 23 40 32 95 6 90 26 17 30 67 26 10 38 29 10 35 67 47 49 13 18 8 21 23 18 14 56 62 17 48 13 8 96 85 59 96 78 
3
64 34 55 29 44 65 85 13 68 92 43 98 33 78 65 87 48 32 35 66 86 29 77 17 27 49 90 26 48 44 12 26 62 42 65 4 6 37 14 50 47 23 40 32 95 6 90 26 17 30 67 26 10 38 29 10 35 67 47 49 13 18 8 21 23 18 14 56 62 17 48 13 8 96 85 59 96 78 89 57 60 33 89 23 49 
77 17 27 49 90 26 48 44 12 26 62 42 65 4 6 37 14 50 47 23 40 32 95 6 90 26 
0
65 85 13 68 92 43 98 33 78 65 87 48 32 35 66 86 29 77 17 27 49 90 26 48 44 12 26 62 42 65 4 6 37 14 50 47 23 40 32 95 6 90 26 17 30 67 26 10 38 29 10 35 67 47 49 13 18 8 21 
3
64 34 55 29 44 65 85 13 68 92 43 98 33 78 65 87 48 32 35 66 86 29 77 17 27 49 90 26 48 44 12 26 62 42 65 4 6 37 14 50 47 23 40 32 95 6 90 26 17 30 67 26 10 38 29 10 35 67 47 49 13 18 8 21 23 18 14 56 62 17 48 13 8 96 85 59 96 78 89 57 60 33 89 23 49 21 
0
1
1
49 90 26 48 44 12 26 62 42 65 4 6 37 14 50 47 23 40 32 95 6 90 26 17 30 67 26 10 38 29 10 35 67 47 49 13 18 8 21 23 18 14 56 62 17 48 13 8 96 85 59 96 78 89 60 33 89 23 
1
54 64 34 55 29 44 65 85 13 68 92 43 98 33 78 65 87 48 32 35 66 86 29 77 17 27 49 90 26 48 44 12 26 62 42 65 4 6 37 14 50 47 23 40 32 95 6 90 26 17 30 67 26 10 38 29 10 35 67 47 49 13 18 8 21 23 18 14 56 62 17 48 13 8 96 85 59 96 78 89 60 33 89 23 49 21 17 
2
3
0
27 49 90 26 44 12 26 62 42 65 4 6 37 14 50 47 23 40 32 95 6 90 26 17 30 67 26 10 38 29 10 35 67 47 49 13 18 8 21 23 18 14 56 62 17 13 8 96 85 59 96 
12 26 62 42 65 4 6 37 14 50 47 23 40 32 95 6 90 26 17 30 67 26 10 38 29 10 35 67 47 49 13 18 8 21 23 
0
77 17 27 49 90 26 44 12 26 62 42 65 4 6 37 14 50 47 23 40 32 95 6 90 26 17 30 67 26 10 38 29 10 35 67 47 49 13 18 8 21 23 18 14 56 62 
54 64 34 55 29 44 65 85 13 68 92 43 98 33 65 87 32 35 66 86 29 77 17 27 49 90 26 44 12 26 62 42 65 4 6 37 14 50 47 23 40 32 95 6 90 26 17 30 67 26 10 38 29 10 35 67 47 49 13 18 8 21 23 18 14 56 62 17 13 8 96 85 59 96 89 60 33 89 23 49 21 17 94 65 10 
1
2
2
1
2
54 64 34 55 29 44 65 85 13 68 92 43 98 33 65 87 35 66 86 29 77 17 27 49 90 26 44 12 26 42 65 4 6 37 14 50 47 23 40 95 6 90 26 17 30 67 26 10 38 29 10 35 67 47 49 13 18 8 21 23 18 14 56 17 13 8 96 85 59 96 60 33 23 49 21 17 94 65 10 
54 64 34 55 29 44 65 85 13 68 92 43 98 33 65 87 35 66 86 29 77 17 27 49 90 26 44 12 26 42 65 4 6 37 14 50 47 23 40 95 6 90 26 17 30 67 26 10 38 29 10 35 67 47 49 13 18 8 21 23 18 14 56 17 13 8 96 85 59 96 60 33 23 49 21 17 94 65 10 
6 37 14 50 47 23 40 95 6 90 26 17 30 67 26 10 38 29 10 35 67 47 49 13 18 8 21 
98 33 65 87 35 66 86 29 77 17 27 49 90 26 44 12 26 42 65 4 6 37 14 50 47 23 40 95 6 90 26 17 30 67 26 10 38 29 10 35 67 
0
0
0
0
32 54 64 34 55 29 44 65 85 13 68 92 43 98 33 65 87 35 66 86 29 77 17 27 49 90 26 44 12 26 42 65 4 6 37 14 50 47 23 40 95 6 90 26 17 30 67 26 10 38 29 10 35 67 47 49 13 18 8 21 23 18 14 56 17 13 8 96 85 59 96 60 33 23 49 21 17 94 65 10 11 
90 26 44 12 26 42 65 4 6 37 14 50 47 23 40 95 6 90 26 17 30 67 26 10 38 29 10 35 67 47 49 
1
2
28 32 54 64 34 55 29 44 65 85 13 68 92 43 98 33 65 87 35 66 86 29 77 17 27 49 90 26 44 12 26 42 65 4 6 37 14 50 47 23 40 95 6 90 26 17 30 67 26 10 38 29 10 35 67 47 49 13 18 8 21 23 18 14 56 17 13 8 96 85 59 96 60 33 23 49 21 17 94 65 10 11 
44 12 26 42 65 4 6 37 14 50 47 23 40 95 6 90 26 17 30 67 26 10 38 29 10 35 67 47 49 13 18 8 21 23 18 14 
28 32 54 64 34 55 29 44 65 85 13 68 92 43 98 33 65 87 35 66 86 29 77 17 27 49 90 26 44 12 26 42 65 4 6 37 14 50 47 23 40 95 6 90 26 17 30 67 26 10 38 29 10 35 67 47 49 13 18 8 21 23 18 14 56 17 13 8 96 85 59 96 60 33 23 49 21 17 94 65 10 11 
1
28 32 54 64 34 55 29 44 65 85 13 68 92 43 98 33 65 87 35 66 86 29 77 17 27 49 90 26 44 12 26 42 65 4 6 37 14 50 47 23 40 95 6 90 26 17 30 67 26 10 38 29 10 35 67 47 49 13 18 8 21 23 18 14 56 17 13 8 96 85 59 96 60 33 23 49 21 17 94 65 10 11 
40 95 6 90 26 17 30 67 26 10 38 29 10 35 67 
28 32 54 64 34 55 29 44 65 85 13 68 92 43 98 33 65 87 35 66 86 29 77 17 27 49 90 26 44 12 26 42 65 4 6 37 14 50 47 23 40 95 6 90 26 17 30 67 26 10 38 29 10 35 67 47 49 13 18 8 21 23 18 14 56 17 13 8 96 85 59 96 60 33 23 49 21 17 94 65 10 11 
87 35 66 86 29 77 17 27 49 90 26 44 12 26 42 65 4 6 37 14 50 47 23 40 95 6 90 26 
6 37 14 50 47 23 40 95 6 
26 42 65 4 6 37 14 50 47 23 40 95 6 90 26 17 30 67 26 10 38 29 10 35 67 47 49 13 18 
28 32 54 64 34 55 29 44 65 85 13 68 92 43 98 33 65 87 35 66 86 29 77 17 27 49 90 26 44 12 26 42 65 4 6 37 14 50 47 23 40 95 6 90 26 17 30 67 26 10 38 29 10 35 67 47 49 13 18 8 21 23 18 14 56 17 13 8 96 85 59 96 60 33 23 49 21 17 94 65 10 11 82 92 
2
28 32 54 64 34 55 29 44 65 85 13 68 92 43 98 33 65 87 35 66 86 29 77 17 27 49 90 26 44 12 26 42 65 4 37 14 50 47 23 40 95 90 26 17 30 67 26 10 38 29 10 35 67 47 49 13 18 8 21 23 18 14 56 17 13 8 96 85 59 96 60 33 23 49 21 17 94 65 10 11 82 92 
28 32 54 64 34 55 29 44 65 85 13 68 92 43 98 33 65 87 35 66 86 29 77 17 27 49 90 26 44 12 26 42 65 4 37 14 50 47 23 40 95 90 26 17 30 67 26 10 38 29 10 35 67 47 49 13 18 8 21 23 18 14 56 17 13 8 96 85 59 96 60 33 23 49 21 17 94 65 10 11 82 92 
2
72 28 32 54 64 34 55 29 44 65 85 13 68 92 43 98 33 65 87 35 66 86 29 77 17 27 49 90 26 44 12 26 42 65 4 37 14 50 47 23 40 95 90 26 17 30 67 26 10 38 29 10 35 67 47 49 13 18 8 21 23 18 14 56 17 13 8 85 59 60 33 23 49 21 17 94 65 10 11 82 92 28 
72 28 32 54 64 34 55 29 44 65 85 13 68 92 43 98 33 65 87 35 66 86 29 77 17 27 49 90 26 44 12 26 42 65 4 37 14 50 47 23 40 95 90 26 17 30 67 26 10 38 29 10 35 67 47 49 13 18 8 21 23 18 14 56 17 13 8 85 59 60 33 23 49 21 17 94 65 10 11 82 92 28 
65 85 13 68 92 43 98 33 65 87 35 66 86 29 77 17 27 49 90 26 44 12 26 42 65 4 37 14 50 47 23 40 95 90 26 17 30 67 26 10 38 29 10 35 67 47 49 13 18 8 21 23 18 14 56 17 
27 49 90 26 44 12 26 42 65 4 37 14 50 47 23 40 95 90 26 
72 28 32 54 64 34 55 29 44 65 85 13 68 92 43 98 33 65 87 35 66 86 29 77 17 27 49 90 26 44 12 26 42 65 4 37 14 50 47 23 40 95 90 26 17 30 67 26 10 38 29 10 35 67 47 49 13 18 8 21 23 18 14 56 17 13 8 85 59 60 33 23 49 21 17 94 65 10 11 82 92 28 
72 28 32 54 64 34 55 29 44 65 85 13 68 92 43 98 33 65 87 35 66 86 29 77 17 27 49 90 26 44 12 26 42 65 4 37 14 50 47 23 40 95 90 26 17 30 67 26 10 38 29 10 35 67 47 49 13 18 8 21 23 18 14 56 17 13 8 85 59 60 33 23 49 21 17 94 65 10 11 82 92 28 
72 28 32 54 64 34 55 29 44 65 85 13 68 92 43 98 33 65 87 35 66 86 29 77 17 27 49 90 26 44 12 26 42 65 4 37 14 50 47 23 40 95 90 26 17 30 67 26 10 38 29 10 35 67 47 49 13 18 8 21 23 18 14 56 17 13 8 85 59 60 33 23 49 21 17 94 65 10 11 82 92 28 
56 72 28 32 54 64 34 55 29 44 65 85 13 68 92 43 98 33 65 87 35 66 86 29 77 17 27 49 90 26 44 12 26 42 65 4 37 14 50 47 23 40 95 90 26 17 30 67 26 10 38 29 10 35 67 47 49 13 18 8 21 23 18 14 56 17 13 8 85 59 60 33 23 49 21 17 94 65 10 11 82 92 28 
56 72 28 32 54 64 34 55 29 44 65 85 13 68 92 43 98 33 65 87 35 66 86 29 77 17 27 49 90 26 44 12 26 42 65 4 37 14 50 47 23 40 95 90 26 17 30 67 26 10 38 29 10 35 67 47 49 13 18 8 21 23 18 14 56 17 13 8 85 59 60 33 23 49 21 17 94 65 10 11 82 92 28 
56 72 28 32 54 64 34 55 29 44 65 85 13 68 92 43 98 33 65 87 35 66 86 29 77 17 27 49 90 26 44 12 26 42 65 4 37 14 50 47 23 40 95 90 26 17 30 67 26 10 38 29 10 35 67 47 49 13 18 8 21 23 18 14 56 17 13 8 85 59 60 33 23 49 21 17 94 65 10 11 82 92 28 
0
37 14 50 47 23 40 95 90 26 17 30 67 26 
33 65 87 35 66 86 29 77 17 27 49 90 26 44 12 26 42 65 4 37 14 50 47 23 40 95 90 26 17 30 67 26 10 38 29 10 35 67 47 49 13 18 8 21 23 18 14 56 17 13 8 
56 72 28 32 54 64 34 55 29 44 65 85 13 68 92 43 98 33 65 87 35 66 86 29 77 17 27 49 90 26 44 12 26 42 65 4 37 14 50 47 23 40 95 90 26 17 30 67 26 10 38 29 10 35 67 47 49 13 18 8 21 23 18 14 56 17 13 8 85 59 60 33 23 49 21 17 94 65 10 11 82 92 28 
1
0
43 98 33 65 87 35 66 86 29 77 17 27 49 90 26 44 12 26 42 65 4 37 14 50 47 23 40 95 90 26 17 30 67 26 10 38 29 10 35 67 47 49 13 18 
56 72 28 32 54 64 34 55 29 44 65 85 13 68 92 43 98 33 65 87 35 66 86 29 77 17 27 49 90 26 44 12 26 42 65 4 37 14 50 47 23 40 95 90 26 17 30 67 26 10 38 29 10 35 67 47 49 13 18 8 21 23 18 14 56 17 13 8 85 59 60 33 23 49 21 17 65 10 11 82 92 28 
1
2
0
0
29 77 17 27 49 90 26 44 12 26 42 65 4 37 14 50 47 23 40 95 90 26 17 30 67 26 10 38 29 10 35 67 47 49 13 18 74 8 21 23 18 14 56 17 13 8 85 59 60 33 23 
55 29 44 65 85 13 68 92 43 98 33 65 87 35 66 86 29 77 17 27 49 90 26 44 12 26 42 65 4 37 14 50 47 23 40 95 90 26 17 30 67 26 
1
1
0
90 26 44 12 26 42 65 4 37 14 50 47 23 40 90 26 17 30 67 26 10 38 29 10 35 67 47 49 13 
13 56 72 28 32 54 64 34 55 29 44 65 85 13 68 92 43 98 33 65 87 35 66 86 29 77 17 27 49 90 26 44 12 26 42 65 4 37 14 50 47 23 40 90 26 17 30 67 26 10 38 29 10 35 67 47 49 13 18 74 8 21 23 18 14 56 17 13 8 85 59 60 33 23 49 21 17 65 10 11 82 92 28 20 
1
13 56 72 28 32 54 64 34 55 29 44 65 85 13 68 92 43 98 33 65 87 35 66 86 29 77 17 27 49 90 26 44 12 26 42 65 4 37 14 50 47 23 40 90 26 17 30 67 26 10 38 29 10 35 67 47 49 13 18 74 8 21 23 18 14 56 17 13 8 85 59 60 33 23 49 21 17 65 10 11 82 92 28 20 
98 33 65 87 35 66 86 29 77 17 27 49 90 26 44 12 26 42 65 4 37 14 50 47 23 40 90 26 17 30 67 26 10 
0
0
33 65 87 35 66 86 29 77 17 27 49 90 26 44 12 26 42 65 4 37 14 50 47 23 40 90 26 17 30 67 26 10 38 29 10 35 67 47 49 13 18 74 8 21 23 18 14 56 17 13 8 85 59 60 33 23 49 21 17 65 10 11 82 
0
13 56 72 28 32 54 64 34 55 29 44 65 85 13 68 92 43 98 33 65 87 35 66 86 29 77 17 27 49 90 26 44 12 26 42 65 4 37 14 50 47 23 40 90 26 17 30 67 26 10 38 29 10 35 67 47 49 13 18 74 8 21 23 18 14 56 17 13 8 85 59 60 33 23 49 21 17 65 10 11 82 92 28 20 
26 42 65 4 37 14 50 47 23 40 90 26 17 30 67 26 10 38 29 10 35 67 47 49 13 18 74 8 21 23 18 14 56 17 13 8 85 59 60 
3
12 26 42 65 4 37 14 50 47 40 90 26 17 30 67 26 10 38 29 10 35 67 47 49 13 18 74 8 21 18 14 56 17 13 8 85 59 60 33 49 21 17 
1
0
27 49 90 26 44 12 26 42 65 4 37 14 50 47 40 
0
0
67 13 56 72 28 32 54 64 34 55 29 44 65 85 13 68 92 43 98 33 65 87 35 86 29 77 17 27 49 90 26 44 12 26 42 65 4 37 14 50 47 40 90 26 17 30 67 26 10 38 29 10 35 67 47 49 13 18 74 8 21 18 14 56 17 13 8 85 59 60 33 49 21 17 65 10 11 82 92 28 20 40 32 
4
35 86 29 77 17 27 49 90 26 44 12 26 42 65 4 37 14 50 47 40 90 26 17 30 67 26 10 38 29 10 35 67 47 49 18 74 
0
0
49 67 56 72 28 32 54 64 34 55 29 44 65 85 68 92 43 98 33 65 87 35 86 29 77 17 27 49 90 26 44 12 26 42 65 4 37 14 50 47 40 90 26 17 30 67 26 10 38 29 10 35 67 47 49 18 74 8 21 18 14 56 17 8 85 59 60 33 49 21 17 65 10 11 82 92 28 20 40 32 
54 64 34 55 29 44 65 85 68 92 43 98 33 65 87 35 86 29 77 17 27 49 90 26 44 12 26 42 65 4 37 14 50 47 40 90 26 17 30 67 26 10 38 29 10 35 67 47 49 18 74 8 21 18 14 56 17 8 85 59 60 33 49 
4
1
72 28 32 54 64 34 55 29 44 85 68 92 43 98 33 87 35 86 29 77 17 49 90 26 44 12 26 42 4 37 14 50 47 40 90 26 17 30 67 26 10 38 29 10 35 67 47 49 18 74 8 21 18 14 56 17 8 85 59 60 33 49 21 17 10 11 82 92 28 20 40 32 
49 67 56 72 28 32 54 64 34 55 29 44 85 68 92 43 98 33 87 35 86 29 77 17 49 90 26 44 12 26 42 4 37 14 50 47 40 90 26 17 30 67 26 10 38 29 10 35 67 47 49 18 74 8 21 18 14 56 17 8 85 59 60 33 49 21 17 10 11 82 92 28 20 40 32 22 
76 49 67 56 72 28 32 54 64 34 55 29 44 85 68 92 43 98 33 87 35 86 29 77 17 49 90 26 44 12 26 42 4 37 14 50 47 40 90 26 17 30 67 26 10 38 29 10 35 67 47 49 18 74 8 21 18 14 56 17 8 85 59 60 33 49 21 17 10 11 82 92 28 20 40 32 22 47 
0
3
1
76 49 67 56 72 28 32 54 64 34 29 44 85 68 92 43 98 33 87 35 86 29 77 17 49 90 26 44 12 26 42 4 37 14 50 47 40 90 26 17 30 67 26 10 38 29 10 35 67 47 49 18 74 8 21 18 14 56 17 8 85 59 60 33 49 21 17 10 11 82 92 28 20 40 32 22 47 95 28 
76 49 67 56 72 28 32 54 64 34 29 44 85 68 92 43 98 33 87 35 86 29 77 17 49 90 26 44 12 26 42 4 37 14 50 47 40 90 26 17 30 67 26 10 38 29 10 35 67 47 49 18 74 8 21 18 14 56 17 8 85 59 60 33 49 21 17 10 11 82 92 28 20 40 32 22 47 95 28 
50 47 40 90 26 17 30 67 26 10 38 29 10 35 67 
86 29 77 17 49 90 26 44 12 26 42 4 37 14 50 47 40 90 26 17 30 67 26 10 38 29 10 35 67 47 49 18 
92 43 98 33 87 35 86 29 77 17 49 90 26 44 12 26 42 4 37 14 50 47 40 90 26 17 30 67 26 
50 47 40 90 26 17 30 67 26 10 38 29 10 35 67 47 49 18 74 8 21 18 14 56 17 8 85 59 60 33 49 21 
29 44 85 68 92 43 98 33 87 35 86 29 77 17 49 90 26 44 12 26 42 4 37 14 50 47 40 90 26 17 30 67 26 10 38 29 10 35 67 47 49 18 74 8 21 18 14 56 17 8 85 59 60 33 49 21 17 10 11 82 92 28 20 40 32 22 47 
1
49 67 56 72 28 32 54 64 34 29 44 85 68 92 43 98 33 87 35 86 29 77 17 49 90 26 44 12 26 42 4 37 14 50 47 40 90 26 17 30 
76 49 67 56 72 28 32 54 64 34 29 44 85 68 92 43 98 33 87 35 86 29 77 17 49 90 26 44 12 26 42 4 37 14 50 47 40 90 26 17 30 67 26 10 38 29 10 35 67 47 49 18 74 8 21 18 14 56 17 8 85 59 60 33 49 21 17 10 11 82 92 28 20 40 32 22 47 95 28 
76 49 67 56 72 28 32 54 64 34 29 44 85 68 92 43 98 33 87 35 86 29 77 17 49 90 26 44 12 26 42 4 37 14 50 47 40 90 26 17 30 67 26 10 38 29 10 35 67 47 49 18 74 8 21 18 14 56 17 8 85 59 60 33 49 21 17 10 11 82 92 28 20 40 32 22 47 95 28 
3
14 50 47 40 90 26 17 30 67 26 10 38 29 10 35 67 47 49 
50 47 40 90 26 17 30 67 26 10 38 29 10 35 67 47 49 18 74 8 21 18 14 56 17 8 85 59 60 33 49 21 17 10 11 82 92 28 20 40 32 
76 49 67 56 72 28 32 54 64 34 29 44 85 68 92 43 98 33 87 35 86 29 77 17 49 90 26 44 12 26 42 4 37 14 50 47 40 90 26 17 30 67 26 10 38 29 10 35 67 47 49 18 74 8 21 18 14 56 17 8 85 59 60 33 49 21 17 10 11 82 92 28 20 40 32 22 47 95 28 
18 76 49 67 56 72 28 32 54 64 34 29 44 85 68 92 43 98 33 87 35 86 29 77 17 49 90 26 44 12 26 42 4 37 14 50 47 40 90 26 17 30 67 26 10 38 29 10 35 67 47 49 18 74 8 21 18 14 56 17 8 85 59 60 33 49 21 17 10 11 82 92 28 20 40 32 22 47 95 28 
0
0
0
21 18 76 49 67 56 72 28 32 54 64 34 29 44 85 68 92 43 98 33 87 35 86 29 77 17 49 90 26 44 12 26 42 4 37 14 50 47 40 90 26 17 30 67 26 10 38 29 10 35 67 47 49 18 74 8 21 18 14 56 17 8 85 59 60 33 49 21 17 10 11 82 92 28 20 40 32 22 47 95 28 43 
2
0
32 54 64 34 29 44 85 68 92 43 98 33 87 35 86 29 77 17 49 90 26 44 12 26 42 4 37 14 50 47 40 90 26 17 30 67 26 10 38 29 10 35 67 47 49 18 74 8 21 18 14 56 17 8 85 59 60 33 49 
0
21 18 76 49 67 56 72 28 32 54 64 34 29 44 85 68 92 43 98 33 87 35 86 29 77 17 49 90 26 44 12 26 42 4 37 14 50 47 40 90 26 17 30 67 26 10 38 29 10 35 67 47 49 18 74 8 21 18 14 56 17 8 85 59 60 33 49 21 17 10 11 82 92 28 20 40 32 22 47 95 28 43 
21 18 76 49 67 56 72 28 32 54 64 34 29 44 85 68 92 43 98 33 87 35 86 29 77 17 49 90 26 44 12 26 42 4 37 14 50 47 40 90 26 17 30 67 26 10 38 29 10 35 67 47 49 18 74 8 21 18 14 56 17 8 85 59 60 33 49 21 17 10 11 82 92 28 20 40 32 22 47 95 28 43 
21 18 76 49 67 56 72 28 32 54 64 34 29 44 85 68 92 43 98 33 87 35 86 29 77 17 49 90 26 44 12 26 42 4 37 14 50 47 40 90 26 17 30 67 26 10 38 29 10 35 67 47 49 18 74 8 21 18 14 56 17 8 85 59 60 33 49 21 17 10 11 82 92 28 20 40 32 22 47 95 28 43 
21 18 76 49 67 56 72 28 32 54 64 34 29 44 85 68 92 43 98 33 87 35 86 29 77 17 49 90 26 44 12 26 42 4 37 14 50 47 40 90 26 17 30 67 26 10 38 29 10 35 67 47 49 18 74 8 21 18 14 56 17 8 85 59 60 33 49 21 17 10 11 82 92 28 20 40 32 22 47 95 28 43 
14 50 47 40 90 26 17 30 67 26 10 38 29 10 35 67 47 49 18 74 8 21 18 14 56 17 8 85 59 60 33 49 21 17 10 11 82 92 28 20 40 32 
0
1
98 33 87 35 86 29 77 17 49 90 26 44 12 26 42 4 37 14 50 47 40 90 26 17 30 67 26 10 
0
85 43 21 18 76 49 67 56 72 28 32 54 64 34 29 44 85 68 92 43 98 33 87 35 86 29 77 17 49 90 26 44 12 26 42 4 37 14 50 47 40 90 26 17 30 67 26 10 38 29 10 35 67 47 49 18 74 8 21 18 14 56 17 8 85 59 60 33 49 21 17 10 11 82 92 28 20 40 32 22 47 95 28 43 70 
2
26 85 43 21 18 76 49 67 56 72 28 32 54 64 34 29 44 85 68 92 43 98 33 87 86 29 77 17 49 90 26 44 12 26 42 4 37 14 50 47 40 90 26 17 30 67 26 10 38 29 10 67 47 49 18 74 8 21 18 14 56 17 8 85 59 60 33 49 21 17 10 11 82 92 28 20 40 32 22 47 95 28 43 70 
14 26 85 43 21 18 76 49 67 56 72 28 32 54 64 34 29 44 85 68 92 43 98 33 87 86 29 77 17 49 90 26 44 12 26 42 4 37 14 50 47 40 90 26 17 30 67 26 10 38 29 10 67 47 49 18 74 8 21 18 14 56 17 8 85 59 60 33 49 21 17 10 11 82 92 28 20 40 32 22 47 95 28 43 70 
98 33 87 86 29 77 17 49 90 26 44 12 26 42 4 37 14 50 47 40 90 26 17 30 67 26 10 38 29 10 67 47 49 18 74 8 21 18 14 56 17 8 85 59 60 33 49 21 17 10 11 82 
66 14 26 85 43 21 18 76 49 67 56 72 28 32 54 64 34 29 44 85 68 92 43 98 33 87 86 29 77 17 49 90 26 44 12 26 42 4 37 14 50 47 40 90 26 17 30 67 26 10 38 29 10 67 47 49 18 74 8 21 18 14 56 17 8 85 59 60 33 49 21 17 10 11 82 92 28 20 40 32 22 47 95 28 43 70 57 
4
47 40 90 26 30 67 26 10 38 29 10 67 47 49 18 74 8 21 18 14 56 8 85 59 60 33 49 21 10 11 82 92 28 20 
0
0
86 29 77 49 90 26 44 12 26 42 4 37 14 50 47 40 90 26 30 67 26 10 38 29 10 67 47 49 18 74 8 21 18 14 56 8 85 59 60 33 49 21 10 11 82 92 28 20 40 32 22 47 95 28 43 
0
1
66 14 26 85 43 21 18 76 49 67 56 72 28 32 54 64 34 29 44 85 68 92 43 98 33 87 86 29 77 49 90 26 44 12 26 42 4 37 14 50 47 40 90 26 30 67 26 10 38 29 10 67 47 49 18 74 8 21 18 14 56 8 85 59 60 33 49 21 10 11 82 92 28 20 40 32 22 47 95 28 43 70 57 78 
0
97 66 14 26 85 43 21 18 76 49 67 56 72 28 32 54 64 34 29 44 85 68 92 43 98 33 87 86 29 77 49 90 26 44 12 26 42 4 37 14 50 47 40 90 26 30 67 26 10 38 29 10 67 47 49 18 74 8 21 18 14 56 8 85 59 60 33 49 21 10 11 82 92 28 20 40 32 22 47 95 28 43 70 57 78 
0
0
1
0
1
42 4 37 14 50 47 40 90 26 30 67 26 10 38 29 10 67 47 49 18 74 8 21 18 14 56 8 85 59 60 33 
97 66 14 26 85 43 21 18 76 49 67 56 72 28 32 54 64 34 29 44 85 68 92 43 98 33 87 86 29 77 49 90 26 44 12 26 42 4 37 14 50 47 40 90 26 30 67 26 10 38 29 10 67 47 49 18 74 8 21 18 14 56 8 85 59 60 33 49 21 10 11 82 92 28 20 40 32 22 47 95 28 43 57 78 
97 66 14 26 85 43 21 18 76 49 67 56 72 28 32 54 64 34 29 44 85 68 92 43 98 33 87 86 29 77 49 90 26 44 12 26 42 4 37 14 50 47 40 90 26 30 67 26 10 38 29 10 67 47 49 18 74 8 21 18 14 56 8 85 59 60 33 49 21 10 11 82 92 28 20 40 32 22 47 95 28 43 57 78 
64 34 29 44 85 68 92 43 98 33 87 86 29 77 49 90 26 44 12 26 42 4 37 14 50 47 40 90 26 30 67 26 10 38 29 10 67 47 49 18 74 8 21 18 14 56 8 85 
92 43 98 33 87 86 29 77 49 90 26 44 12 26 42 4 37 14 50 47 40 90 26 30 67 26 10 38 29 10 67 47 49 18 74 8 21 18 14 56 8 85 59 60 33 
26 85 43 21 18 76 49 67 56 72 28 32 54 64 34 29 44 85 68 92 43 98 33 87 86 29 77 49 90 26 44 12 26 42 4 37 14 50 47 40 90 26 30 67 26 10 38 29 10 67 47 49 18 74 8 21 18 14 56 8 85 59 60 33 49 21 10 11 82 92 28 20 40 32 22 47 95 28 
18 76 49 67 56 72 28 32 54 64 34 29 44 85 68 92 43 98 33 87 86 29 77 49 90 26 44 12 26 42 4 37 14 50 47 40 90 26 30 67 26 10 38 29 10 67 47 49 18 74 8 21 18 14 56 8 85 59 60 33 49 21 10 11 82 92 28 
49 90 26 44 12 26 42 4 37 14 50 47 40 90 26 30 67 26 10 38 29 10 67 47 49 18 74 8 21 18 14 56 8 85 59 60 33 49 21 10 11 82 92 28 20 
29 44 85 68 92 43 98 33 87 86 29 77 49 90 26 44 12 26 42 4 37 14 50 47 40 90 26 30 67 26 10 38 29 10 67 47 49 18 74 8 21 18 14 56 8 85 59 60 33 49 21 10 11 82 92 28 20 40 32 22 47 95 
0
97 66 14 26 85 43 21 18 76 49 67 56 72 28 32 54 64 34 29 44 85 68 92 43 98 33 87 86 29 77 49 90 26 44 12 26 42 4 37 14 50 47 40 90 26 30 67 26 10 38 29 10 67 47 49 18 74 8 21 18 14 56 8 85 59 60 33 49 21 10 11 82 92 28 20 40 32 22 47 95 28 43 57 78 
1
66 14 26 85 43 21 18 76 49 67 56 72 28 32 54 64 34 29 44 85 68 92 43 98 33 87 86 29 77 49 90 26 44 12 26 42 4 37 14 50 47 40 90 26 30 67 26 10 38 29 10 67 47 49 18 74 8 21 18 14 56 8 85 59 60 33 49 21 10 11 82 92 28 20 40 32 22 47 95 28 43 57 78 
1
66 14 26 85 43 21 18 76 49 67 56 72 28 32 54 64 34 29 44 85 68 92 43 98 33 87 86 29 77 49 90 26 44 12 26 42 4 37 14 50 47 40 90 26 30 67 26 10 38 29 10 67 47 49 18 74 8 21 18 14 56 8 85 59 60 33 49 21 10 11 82 92 28 20 40 32 22 47 95 28 43 57 78 
66 14 26 85 43 21 18 76 49 67 56 72 28 32 54 64 34 29 44 85 68 92 43 98 33 87 86 29 77 49 90 26 44 12 26 42 4 37 14 50 47 40 90 26 30 67 26 10 38 29 10 67 47 49 18 74 8 21 18 14 56 8 85 59 60 33 49 21 10 11 82 92 28 20 40 32 22 47 95 28 43 57 78 5 
0
1
3
1
73 66 14 26 85 43 21 18 76 49 67 56 72 28 32 54 64 34 29 44 85 68 92 43 98 33 87 86 29 77 49 90 26 44 12 26 42 4 37 14 50 40 90 26 30 67 26 10 38 29 10 67 49 18 74 8 21 18 14 56 8 85 59 60 33 49 21 10 11 82 92 28 20 40 32 22 95 28 43 57 5 
67 56 72 28 32 54 64 34 29 44 85 68 92 43 98 33 87 86 29 77 49 90 26 44 12 26 42 4 37 14 50 40 90 26 30 67 26 10 38 29 10 67 49 18 74 8 21 18 14 56 8 85 59 60 33 49 21 10 11 82 92 28 20 40 32 22 95 
73 66 14 26 85 43 21 18 76 49 67 56 72 28 32 54 64 34 29 44 85 68 92 43 98 33 87 86 29 77 49 90 26 44 12 26 42 4 37 14 50 40 90 26 30 67 26 10 38 29 10 67 49 18 74 8 21 18 14 56 8 85 59 60 33 49 21 10 11 82 92 28 20 40 32 22 95 28 43 57 5 
3
0
0
0
43 98 33 87 86 29 77 49 90 26 44 12 26 42 4 37 14 50 40 90 26 30 67 26 10 38 29 10 67 49 18 74 8 21 18 14 56 
0
18 76 49 67 56 72 28 32 54 64 34 29 44 85 68 92 43 98 33 87 86 29 77 49 90 26 44 12 26 42 4 37 14 50 40 90 26 30 67 26 10 38 29 10 67 49 18 
5
0
1
0
4
67 56 72 28 32 54 64 34 29 44 85 68 92 43 98 33 87 86 29 77 90 44 12 42 4 37 14 50 40 90 30 67 10 38 29 10 67 18 74 8 21 18 14 56 8 85 
0
1
92 43 98 33 87 86 29 77 90 44 12 42 4 37 14 50 40 90 30 67 10 38 29 10 67 18 74 8 21 18 14 56 8 85 59 60 33 21 10 11 82 92 28 20 40 32 22 95 28 43 57 5 58 
47 53 78 53 96 73 66 14 85 43 21 18 76 67 56 72 28 32 54 64 34 29 44 85 68 92 43 98 33 87 86 29 77 90 44 12 42 4 37 14 50 40 90 30 67 10 38 29 10 67 18 74 8 21 18 14 56 8 85 59 60 33 21 10 11 82 92 28 20 40 32 22 95 28 43 57 5 58 32 
53 96 73 66 14 85 43 21 18 76 67 56 72 28 32 54 64 34 29 44 85 68 92 43 98 33 87 86 29 77 90 44 12 42 4 37 14 50 40 90 30 67 10 38 29 
3
0
25 81 21 47 53 78 53 96 73 66 14 85 43 21 18 76 67 56 72 28 32 54 64 34 29 44 85 68 92 43 98 33 87 86 29 77 90 44 12 42 4 37 14 50 40 90 30 67 10 38 29 10 67 18 74 8 21 18 14 56 8 85 59 60 33 21 10 11 82 92 28 20 40 32 22 95 28 43 57 5 58 32 82 23 
0
0
33 87 86 29 77 90 44 12 42 4 37 14 50 40 90 30 67 10 38 29 10 67 18 74 8 21 18 14 
1
67 56 72 28 32 54 64 34 29 44 85 68 92 43 98 33 87 86 29 77 90 44 12 42 4 37 14 50 40 90 30 67 10 38 29 10 67 18 74 8 21 18 14 56 8 85 
87 86 29 77 90 44 12 42 4 37 14 50 40 90 30 67 10 38 29 10 67 
91 34 25 81 21 47 53 78 53 96 73 66 14 85 43 21 18 76 67 56 72 28 32 54 64 34 29 44 85 68 92 43 98 33 87 86 29 77 90 44 12 42 4 37 14 50 40 90 30 67 10 38 29 10 67 18 74 8 21 18 14 56 8 85 59 60 33 21 10 11 82 92 28 20 40 32 22 95 28 43 57 5 58 32 82 23 49 40 
1
91 34 25 81 21 47 53 78 53 96 73 66 14 85 43 21 18 76 67 56 72 28 32 54 64 34 29 44 85 68 92 43 98 33 87 86 29 77 90 44 12 42 4 37 14 50 40 90 30 67 10 38 29 10 67 18 74 8 21 18 14 56 8 85 59 60 33 21 10 11 82 92 28 20 40 32 22 95 28 43 57 5 58 32 82 23 49 40 
2
0
0
2
1
64 34 29 44 85 68 92 43 98 33 87 86 29 77 90 44 12 42 4 37 14 50 40 90 30 67 
0
22 91 34 25 81 21 47 53 78 53 96 73 66 14 85 43 21 18 76 67 56 72 28 32 54 64 34 29 44 85 68 92 43 98 33 87 86 29 77 90 44 12 42 4 37 14 50 40 90 30 67 10 38 29 10 67 18 74 8 21 18 14 56 8 85 59 60 33 21 10 11 82 92 28 20 40 32 22 95 28 43 57 5 58 32 82 49 40 30 
0
22 91 34 25 81 21 47 53 78 53 96 73 66 14 85 43 21 18 76 67 56 72 28 32 54 64 34 29 44 85 68 92 43 98 33 87 86 29 77 90 44 12 42 4 37 14 50 40 90 30 67 10 38 29 10 67 18 74 8 21 18 14 56 8 85 59 60 33 21 10 11 82 92 28 20 40 32 22 95 28 43 57 5 58 32 82 49 40 30 
0
76 67 56 72 28 32 54 64 34 29 44 85 68 92 43 98 33 87 86 29 77 90 44 12 42 4 37 14 50 
1
22 91 34 25 81 21 47 53 78 53 96 73 66 14 85 43 21 18 76 67 56 72 28 32 54 64 34 29 44 85 68 92 43 98 33 87 86 29 77 90 44 12 42 4 37 14 50 40 90 30 67 10 38 29 10 67 18 74 8 21 18 14 56 8 85 59 60 33 21 10 11 82 92 28 20 40 32 22 95 28 43 57 5 58 32 82 49 40 30 
59 22 91 34 25 81 21 47 53 78 53 96 73 66 14 85 43 21 18 76 67 56 72 28 32 54 64 34 29 44 85 68 92 43 98 33 87 86 29 77 90 44 12 42 4 37 14 50 40 90 30 67 10 38 29 10 67 18 74 8 21 18 14 56 8 85 59 60 33 21 10 11 82 92 28 20 40 32 22 95 28 43 57 5 58 32 82 49 40 30 
59 22 91 34 25 81 21 47 53 78 53 96 73 66 14 85 43 21 18 76 67 56 72 28 32 54 64 34 29 44 85 68 92 43 98 33 87 86 29 77 90 44 12 42 4 37 14 50 40 90 30 67 10 38 29 10 67 18 74 8 21 18 14 56 8 85 59 60 33 21 10 11 82 92 28 20 40 32 22 95 28 43 57 5 58 32 82 49 40 30 
2
1
0
0
0
1
1
90 59 22 91 34 25 81 21 47 53 78 53 96 73 66 14 85 43 21 18 76 67 56 72 28 32 54 34 29 44 85 68 92 43 98 33 87 86 29 77 44 12 42 4 37 14 50 40 30 67 10 38 29 10 67 18 74 8 21 18 14 56 8 85 59 60 33 21 10 82 92 28 40 32 22 95 28 43 57 5 58 32 82 49 40 30 
0
2
2
0
0
3
1
0
96 90 59 91 34 25 81 21 47 53 78 53 96 73 66 14 85 43 21 18 76 67 56 72 28 32 54 34 29 44 85 68 92 43 98 33 86 29 77 44 12 42 4 37 14 50 40 30 67 10 38 29 10 67 18 74 8 21 18 14 56 8 85 59 60 33 21 10 82 92 28 40 32 95 28 43 57 5 58 32 82 49 40 30 65 
53 78 53 96 73 66 14 85 43 21 18 76 67 56 72 28 32 54 34 29 44 85 68 92 43 98 33 86 29 77 44 12 42 4 37 14 50 40 30 67 10 38 29 10 67 18 74 8 21 18 14 56 8 85 59 60 33 21 10 82 92 28 40 32 95 28 43 
2
96 90 59 91 34 25 81 21 47 53 78 53 96 73 66 14 85 43 21 18 76 67 56 72 28 32 54 34 29 44 85 68 92 43 98 33 86 29 77 44 12 42 4 37 14 50 40 30 67 10 38 29 10 67 18 74 8 21 18 14 56 8 85 59 60 33 21 10 82 92 28 40 32 95 28 43 57 5 58 32 82 49 40 30 65 
67 56 72 28 32 54 34 29 44 85 68 92 43 98 33 86 29 77 44 12 42 4 37 14 50 40 30 67 10 38 29 10 67 18 74 8 21 18 
2
2
35 96 90 59 91 34 25 81 21 47 53 78 53 96 73 66 14 85 43 21 18 76 67 56 72 28 32 54 34 29 44 85 68 92 43 98 33 86 29 77 44 12 42 4 37 14 50 40 30 67 10 38 29 10 67 18 74 8 21 18 14 56 8 85 59 60 33 21 10 82 92 28 40 32 95 28 43 57 5 58 32 82 49 40 30 65 25 
2
35 96 90 91 34 25 81 21 47 53 78 53 96 73 66 14 85 43 21 18 76 67 56 72 28 32 54 34 29 44 85 68 92 43 98 33 86 29 77 44 12 42 4 37 14 50 40 30 67 10 38 29 10 67 18 74 8 21 18 14 56 8 85 60 33 21 10 82 92 28 40 32 95 28 43 57 5 58 32 82 49 40 30 65 25 
2
35 96 90 91 34 25 81 21 47 53 78 53 96 73 66 14 85 43 21 18 76 67 56 72 28 32 54 34 29 44 85 68 92 43 98 86 29 77 44 12 42 4 37 14 50 40 30 67 10 38 29 10 67 18 74 8 21 18 14 56 8 85 60 21 10 82 92 28 40 32 95 28 43 57 5 58 32 82 49 40 30 65 25 17 
0
0
1
0
85 43 21 18 76 67 56 72 28 32 54 34 29 44 85 68 92 43 98 86 29 77 44 12 42 4 37 14 50 40 30 67 10 38 29 10 67 18 74 
3
0
35 96 90 91 34 25 81 21 47 53 78 53 96 73 66 14 85 43 21 18 76 67 56 72 28 32 54 34 29 44 85 68 92 43 98 86 29 77 44 12 42 4 37 14 50 40 30 67 10 38 29 10 67 18 74 8 21 18 14 56 8 85 60 21 10 82 92 28 40 32 95 28 43 57 5 58 32 82 49 40 30 65 25 17 77 
0
85 43 21 18 76 67 56 72 28 32 54 34 29 44 85 68 92 43 98 86 29 77 44 12 42 4 37 14 50 40 30 67 10 38 29 10 67 18 74 8 21 18 14 56 8 
0
11 35 96 90 91 34 25 81 21 47 53 78 53 96 73 66 14 85 43 21 18 76 67 56 72 28 32 54 34 29 44 85 68 92 43 98 86 29 77 44 12 42 4 37 14 50 40 30 67 10 38 29 10 67 18 74 8 21 18 14 56 8 85 60 21 10 82 92 28 40 32 95 28 43 57 5 58 32 82 49 40 30 65 25 17 77 
2
11 35 96 90 91 34 25 81 21 47 53 78 53 96 73 66 14 85 43 21 18 76 67 56 72 28 32 54 34 29 44 85 68 92 43 98 86 29 77 44 12 42 4 37 14 50 40 30 67 10 38 29 10 67 18 74 8 21 18 14 56 8 85 60 21 10 82 92 28 40 32 95 28 43 57 5 58 32 82 49 40 30 65 25 17 77 57 
1
53 96 73 66 14 85 43 21 18 76 67 56 72 28 32 54 34 29 44 85 68 92 43 98 86 29 77 44 12 42 4 37 14 50 40 30 67 10 38 29 10 67 18 74 8 21 18 14 56 8 85 60 21 10 82 92 28 40 32 95 28 43 57 5 58 32 82 49 40 30 65 25 
2
47 53 78 53 96 73 66 14 85 43 21 18 76 67 56 72 28 32 54 34 29 44 85 68 92 43 98 86 29 44 12 42 4 37 14 50 40 30 67 10 38 29 10 67 18 74 8 21 18 14 56 8 85 60 21 10 
11 35 96 90 91 34 25 81 21 47 53 78 53 96 73 66 14 85 43 21 18 76 67 56 72 28 32 54 34 29 44 85 68 92 43 98 86 29 44 12 42 4 37 14 50 40 30 67 10 38 29 10 67 18 74 8 21 18 14 56 8 85 60 21 10 82 92 28 40 32 95 28 43 57 5 58 32 82 49 40 30 65 25 17 57 57 18 
0
81 21 47 53 78 53 96 73 66 14 85 43 21 18 76 67 56 72 28 32 54 34 29 44 85 68 92 43 98 86 29 44 12 42 4 37 14 50 40 30 67 10 38 29 10 67 18 74 
0
0
11 35 96 90 91 34 25 81 21 47 53 78 53 96 73 66 14 85 43 21 18 76 67 56 72 28 32 54 34 29 44 85 68 92 43 98 86 29 44 12 42 4 37 14 50 40 30 67 10 38 29 10 67 18 74 8 21 18 14 56 8 85 60 21 10 82 92 28 40 32 95 28 43 57 5 58 32 82 49 40 30 65 25 17 57 57 18 47 3 
1
81 21 47 53 78 53 96 73 66 14 85 43 21 18 76 67 56 72 28 32 54 34 29 44 85 68 92 43 98 86 29 44 12 42 4 37 14 50 40 30 67 10 38 29 10 67 18 
53 78 53 96 73 66 14 85 43 21 18 76 67 56 72 28 32 54 34 29 44 85 68 92 43 98 86 29 44 12 42 4 37 14 50 40 30 67 10 38 29 10 67 18 74 8 21 18 14 56 8 85 60 21 10 82 92 
37 14 50 40 30 67 10 38 29 10 67 
11 35 96 90 91 34 25 81 21 47 53 78 53 96 73 66 14 85 43 21 18 76 67 56 72 28 32 54 34 29 44 85 68 92 43 98 86 29 44 12 42 4 37 14 50 40 30 67 10 38 29 10 67 18 74 8 21 18 14 56 8 85 60 21 10 82 92 28 40 32 95 28 43 57 5 58 32 82 49 40 30 65 25 57 57 18 47 3 38 
35 96 90 91 34 25 81 21 47 53 78 53 96 73 66 14 85 43 21 18 76 67 56 72 28 32 54 34 29 44 85 68 92 43 98 86 29 44 12 42 4 37 14 50 
91 11 35 96 90 91 34 25 81 21 47 53 78 53 96 73 66 14 85 43 21 18 76 67 56 72 28 32 54 34 29 44 85 68 92 43 98 86 29 44 12 42 4 37 14 50 40 30 67 10 38 29 10 67 18 74 8 21 18 14 56 8 85 60 21 10 82 92 28 40 32 95 28 43 57 5 58 32 82 49 40 30 65 25 57 57 18 47 3 38 
1
98 86 29 44 12 42 4 37 14 50 40 30 67 10 38 
91 11 35 96 90 91 34 25 81 21 47 53 78 53 96 73 66 14 85 43 21 18 76 67 56 72 28 32 54 34 29 44 85 68 92 43 98 86 29 44 12 42 4 37 14 50 40 30 67 10 38 29 10 67 18 74 8 21 18 14 56 8 85 60 21 10 82 92 28 40 32 95 28 43 57 5 58 32 82 49 40 30 65 25 57 57 18 47 3 38 
1
91 11 35 96 90 91 34 25 81 21 47 53 78 53 96 73 66 14 85 43 21 18 76 67 56 72 28 32 54 34 29 44 85 68 92 43 98 86 29 44 12 4 37 14 50 40 30 67 10 38 29 10 67 18 74 8 21 18 14 56 8 85 60 21 10 82 92 28 40 32 95 28 43 57 5 58 32 82 49 40 30 65 25 57 57 18 47 3 38 98 
2
0
47 53 78 53 96 73 66 14 85 43 21 18 76 67 56 72 28 32 54 34 29 44 85 68 92 43 98 86 29 44 12 4 37 14 50 40 30 67 10 
4
91 11 35 96 90 91 34 25 81 21 47 53 78 53 96 73 66 14 85 43 21 18 76 67 56 72 28 32 54 34 29 44 85 68 92 43 98 86 29 44 12 4 37 14 50 40 30 67 10 38 29 10 67 18 74 8 21 18 14 56 8 85 60 21 10 82 92 28 40 32 95 28 43 57 5 58 32 82 49 40 30 65 25 57 57 18 47 3 38 98 47 
4
0
91 11 35 96 90 91 34 25 81 47 53 78 53 96 73 66 14 85 43 18 76 67 56 72 28 32 54 34 29 44 85 68 92 43 98 86 29 44 12 4 37 14 50 40 30 67 10 38 29 10 67 18 74 8 18 14 56 8 85 60 10 82 92 28 40 32 95 28 43 57 5 58 32 82 49 40 30 65 25 57 57 18 47 3 38 98 47 
91 11 35 96 90 91 34 25 81 47 53 78 53 96 73 66 14 85 43 18 76 67 56 72 28 32 54 34 29 44 85 68 92 43 98 86 29 44 12 4 37 14 50 40 30 67 10 38 29 10 67 18 74 8 18 14 56 8 85 60 10 82 92 28 40 32 95 28 43 57 5 58 32 82 49 40 30 65 25 57 57 18 47 3 38 98 47 
0
0
34 25 81 47 53 78 53 96 73 66 14 85 43 18 76 67 56 72 28 32 54 34 29 44 85 68 92 43 98 86 29 44 12 4 37 14 50 40 30 67 10 38 29 10 67 18 74 8 18 14 56 8 85 60 10 82 92 28 40 32 95 28 43 57 
91 11 35 96 90 91 34 25 81 47 53 78 53 96 73 66 14 85 43 18 76 67 56 72 28 32 54 34 29 44 85 68 92 43 98 86 29 44 12 4 37 14 50 40 30 67 10 38 29 10 67 18 74 8 18 14 56 8 85 60 10 82 92 28 40 32 95 28 43 57 5 58 32 82 49 40 30 65 25 57 57 18 47 3 38 98 47 
90 91 34 25 81 47 53 78 53 96 73 66 14 85 43 18 76 67 56 72 28 32 54 34 29 44 85 68 92 43 98 86 29 44 12 4 37 14 50 40 30 67 10 38 29 10 67 18 74 8 18 14 
0
73 66 14 85 43 18 76 67 56 72 28 32 54 34 29 44 85 68 92 43 98 86 29 44 12 4 37 14 50 40 30 67 10 
1
0
34 25 81 47 53 78 53 96 73 66 14 85 43 18 76 67 56 72 28 32 54 34 29 44 85 68 92 43 98 86 29 44 4 37 14 50 40 30 67 10 38 29 10 67 18 74 8 18 14 56 8 85 60 10 82 92 28 40 32 95 28 43 57 5 58 32 82 49 40 30 65 25 57 57 18 47 3 38 98 
92 43 98 86 29 44 4 37 14 50 40 30 
54 91 11 35 96 90 91 34 25 81 47 53 78 53 96 73 66 14 85 43 18 76 67 56 72 28 32 54 34 29 44 85 68 92 43 98 86 29 44 4 37 14 50 40 30 67 10 38 29 10 67 18 74 8 18 14 56 8 85 60 10 82 92 28 40 32 95 28 43 57 5 58 32 82 49 40 30 65 25 57 57 18 47 3 38 98 47 
54 91 11 35 96 90 91 34 25 81 47 53 78 53 96 73 66 14 85 43 18 76 67 56 72 28 32 54 34 29 44 85 68 92 43 98 86 29 44 4 37 14 50 40 30 67 10 38 29 10 67 18 74 8 18 14 56 8 85 60 10 82 92 28 40 32 95 28 43 57 5 58 32 82 49 40 30 65 25 57 57 18 47 3 38 98 47 
54 91 11 35 96 90 91 34 25 81 47 53 78 53 96 73 66 14 85 43 18 76 67 56 72 28 32 54 34 29 44 85 68 92 43 98 86 29 44 4 37 14 50 40 30 67 10 38 29 10 67 18 74 8 18 14 56 8 85 60 10 82 92 28 40 32 95 28 43 57 5 58 32 82 49 40 30 65 25 57 57 18 47 3 38 98 47 
81 47 53 78 53 96 73 66 14 85 43 18 76 67 56 72 28 32 54 34 29 44 85 68 92 43 98 86 29 44 4 37 14 50 40 30 67 10 38 29 10 67 18 74 8 18 14 56 8 85 60 10 
35 54 91 11 35 96 90 91 34 25 81 47 53 78 53 96 73 66 14 85 43 18 76 67 56 72 28 32 54 34 29 44 85 68 92 43 98 86 29 44 4 37 14 50 40 30 67 10 38 29 10 67 18 74 8 18 14 56 8 85 60 10 82 92 28 40 32 95 28 43 57 5 58 32 82 49 40 30 65 25 57 57 18 47 3 38 98 47 
0
2
0
0
1
67 56 72 28 32 54 34 29 44 85 68 92 43 98 86 29 44 4 37 14 50 40 30 67 10 38 29 10 67 18 74 8 18 14 56 8 85 60 10 82 92 28 40 32 95 
0
28 81 75 35 54 11 35 96 90 34 25 81 47 53 78 53 96 73 66 14 85 43 18 76 67 56 72 28 32 54 34 29 44 85 68 92 43 98 86 29 44 4 37 14 50 40 30 67 10 38 29 10 67 18 74 8 18 14 56 8 85 60 10 82 92 28 40 32 95 28 43 57 5 58 32 82 49 40 30 65 25 57 57 18 47 3 38 98 47 
0
0
81 47 53 78 53 96 73 66 14 85 43 18 76 67 56 72 28 32 54 34 29 44 85 68 92 43 98 86 29 44 4 37 14 50 40 30 67 10 38 29 10 67 18 74 8 18 14 56 8 85 60 10 82 92 28 40 32 95 28 43 57 5 58 32 82 49 40 30 65 25 57 57 18 47 3 38 
1
0
44 28 81 75 35 54 11 35 96 90 34 25 81 47 53 78 53 96 73 66 14 85 43 18 76 67 56 72 28 32 54 34 29 44 85 68 92 43 98 86 29 44 4 37 14 50 40 30 67 10 38 29 10 67 18 74 8 18 14 56 8 85 60 10 82 92 28 40 32 95 28 43 57 5 58 32 82 40 30 65 25 57 57 18 47 3 38 98 47 
0
3
1
1
1
44 28 81 75 35 54 11 35 96 90 34 25 81 47 53 78 53 96 73 66 14 85 43 18 76 67 56 72 28 32 54 34 29 44 85 68 92 43 98 86 29 44 4 37 14 50 40 30 67 10 38 29 10 67 18 74 8 18 14 56 8 85 60 10 82 92 28 40 32 28 43 57 5 58 32 82 40 30 65 25 57 57 18 47 3 38 98 47 
1
0
43 18 76 67 56 72 28 32 54 34 29 44 85 68 92 43 98 86 29 44 4 37 14 50 40 30 67 10 38 29 10 67 18 74 8 18 14 56 8 85 60 10 82 92 28 40 32 28 43 57 5 58 32 82 40 30 65 25 57 57 18 47 3 
0
19 44 28 81 75 35 54 11 35 96 90 34 25 81 47 53 78 53 96 73 14 85 43 18 76 67 56 72 28 32 54 34 29 44 85 68 92 43 98 86 29 44 4 37 14 50 40 30 67 10 38 29 10 67 18 74 8 18 14 56 8 85 60 10 82 92 28 40 32 28 43 57 5 58 32 82 40 30 65 25 57 57 18 47 3 38 98 47 86 
31 19 44 28 81 75 35 54 11 35 96 90 34 25 81 47 53 78 53 96 73 14 85 43 18 76 67 56 72 28 32 54 34 29 44 85 68 92 43 98 86 29 44 4 37 14 50 40 30 67 10 38 29 10 67 18 74 8 18 14 56 8 85 60 10 82 92 28 40 32 28 43 57 5 58 32 82 40 30 65 25 57 57 18 47 3 38 98 47 86 
1
92 43 98 86 29 44 4 37 14 50 40 30 67 10 38 29 10 67 18 8 18 14 56 8 85 60 10 82 92 
0
36 31 19 44 28 81 75 35 54 11 35 96 90 34 25 81 47 53 78 53 96 73 14 85 43 18 76 67 56 72 28 32 54 34 29 44 85 68 92 43 98 86 29 44 4 37 14 50 40 30 67 10 38 29 10 67 18 8 18 14 56 8 85 60 10 
34 25 81 47 53 78 53 96 73 14 85 43 18 76 67 56 72 28 32 54 34 29 44 85 68 92 43 98 86 29 44 4 37 14 50 40 30 67 10 38 29 10 67 18 8 18 14 56 8 85 60 10 82 92 28 40 32 28 43 57 5 58 32 82 40 30 65 
3
0
21 36 31 19 44 28 81 75 35 54 11 35 96 90 34 25 81 47 53 78 53 96 73 14 85 43 18 76 67 56 72 28 54 34 29 44 85 68 92 43 98 86 29 44 4 37 14 50 40 30 67 10 38 29 10 67 18 8 18 14 56 8 85 60 10 82 92 28 40 28 43 57 5 58 82 40 30 65 25 57 57 18 47 3 38 98 47 86 
96 73 14 85 43 18 76 67 56 72 28 54 34 29 44 85 68 92 43 98 86 29 44 4 37 14 50 40 30 67 10 38 29 10 67 18 8 18 14 56 8 85 60 10 82 92 28 40 28 43 
1
3
53 78 53 96 73 14 85 43 18 76 67 56 72 28 54 34 29 44 85 68 92 43 98 86 29 44 4 37 
29 44 85 68 92 43 98 86 29 44 4 37 14 50 30 67 10 38 29 10 67 18 8 18 14 56 8 85 60 10 82 92 28 28 43 57 5 58 82 30 65 25 57 57 18 
1
1
38 21 36 31 19 44 28 81 75 35 54 11 35 96 90 34 25 81 47 53 78 53 96 73 14 85 43 18 76 67 56 72 28 54 34 29 44 85 68 92 43 98 86 29 44 4 37 14 50 30 67 10 38 29 10 67 18 8 18 14 56 8 85 60 10 82 92 28 28 43 57 58 82 30 65 25 57 57 18 47 38 98 47 86 95 
38 21 36 31 19 44 28 81 75 35 54 11 35 96 90 34 25 81 47 53 78 53 96 73 14 85 43 18 76 67 56 72 28 54 34 29 44 85 68 92 43 98 86 29 44 4 37 14 50 30 67 10 38 29 10 67 18 8 18 14 56 8 85 60 10 82 92 28 28 43 57 58 82 30 65 25 57 57 18 47 38 98 47 86 95 
38 21 36 31 19 44 28 81 75 35 54 11 35 96 90 34 25 81 47 53 78 53 96 73 14 85 43 18 76 67 56 72 28 54 34 29 44 85 68 92 43 98 86 29 44 4 37 14 50 30 67 10 38 29 10 67 18 8 18 14 56 8 85 60 10 82 92 28 28 43 57 58 82 30 65 25 57 57 18 47 38 98 47 86 95 
0
29 44 85 68 92 43 98 86 29 44 4 37 14 50 30 67 10 38 29 10 
0
0
0
14 85 43 18 76 67 56 72 28 54 34 29 44 85 68 92 43 98 86 29 44 4 37 14 50 30 67 10 38 29 10 67 18 8 18 14 56 8 85 60 10 82 92 28 28 43 57 58 82 30 
0
0
18 76 67 56 72 28 54 34 29 44 85 68 92 43 98 86 29 44 4 37 14 50 30 67 10 38 29 
1
0
0
1
0
1
0
2
0
0
81 75 35 54 11 35 96 90 34 25 81 47 53 78 53 96 73 14 85 43 18 76 67 56 72 28 54 34 29 44 85 68 92 43 98 86 29 44 4 37 14 50 30 67 10 38 
19 44 28 81 75 35 54 11 35 96 90 34 25 81 47 53 78 53 96 73 14 85 43 18 76 67 56 72 28 54 34 29 44 85 68 92 43 98 86 29 44 4 37 14 50 30 67 10 38 29 10 67 18 8 18 14 
3
0
3
36 36 31 19 44 28 81 75 35 54 11 35 96 90 34 25 81 47 53 78 53 96 73 14 85 43 18 76 67 56 72 28 54 34 29 44 85 68 92 43 98 86 29 44 4 37 14 50 30 67 10 29 10 67 18 8 18 14 56 8 85 60 10 92 28 28 43 57 58 30 65 25 57 57 18 47 98 47 86 97 75 59 57 95 72 
75 35 54 11 35 96 90 34 25 81 47 53 78 53 96 73 14 85 43 18 76 67 56 72 28 54 34 29 44 85 68 92 43 98 86 29 44 4 37 14 50 30 67 10 29 10 67 18 8 18 14 56 8 85 60 10 92 28 28 43 57 58 30 65 25 57 57 18 47 98 47 86 97 75 59 57 
0
82 36 36 31 19 44 28 81 75 35 54 11 35 96 90 34 25 81 47 53 78 53 96 73 14 85 43 18 76 67 56 72 28 54 34 29 44 85 68 92 43 98 86 29 44 4 37 14 50 30 67 10 29 10 67 18 8 18 14 56 8 85 60 10 92 28 28 43 57 58 30 65 25 57 57 18 47 98 47 86 97 75 59 57 95 72 81 99 
78 53 96 73 14 85 43 18 76 67 56 72 28 54 34 29 44 85 68 92 43 98 86 29 44 4 37 14 50 30 67 10 
1
14 85 43 18 67 56 72 28 54 34 29 44 85 68 92 43 98 86 29 44 4 37 14 50 30 67 10 29 10 67 18 8 18 14 56 8 85 60 10 92 28 28 43 57 58 30 65 25 57 57 18 47 98 47 86 97 
0
43 18 67 56 72 28 54 34 29 44 85 68 92 43 98 86 29 44 4 37 14 50 30 67 10 29 10 
1
43 82 36 36 31 19 44 28 81 75 35 54 11 35 96 90 34 25 81 47 53 78 53 96 73 14 85 43 18 67 56 72 28 54 34 29 44 85 68 92 43 98 86 29 44 4 37 14 50 30 67 10 29 10 67 18 8 18 14 56 8 85 60 10 92 28 28 43 57 58 30 65 25 57 57 18 47 98 47 86 97 75 59 57 95 72 81 99 93 14 
36 36 31 19 44 28 81 75 35 54 11 35 96 90 34 25 81 47 53 78 53 96 73 14 85 43 18 67 56 72 28 54 34 29 44 85 68 92 43 98 86 29 44 4 37 14 50 30 67 10 29 10 67 18 8 18 14 56 
29 44 85 68 92 43 98 86 29 44 4 37 14 50 30 67 10 29 10 67 18 8 18 14 56 8 85 60 10 92 28 28 43 57 58 30 65 25 
98 86 29 44 4 37 14 50 30 67 10 29 10 67 18 8 18 14 56 8 85 60 10 92 28 28 43 57 
0
96 73 14 85 43 18 67 56 72 28 54 34 29 44 85 68 92 43 98 86 29 44 4 37 14 50 30 67 10 29 10 67 18 8 18 14 56 8 85 60 10 92 28 28 43 57 58 30 65 25 57 57 18 
1
40 43 82 36 36 31 19 44 28 81 75 35 54 11 35 96 90 34 25 81 47 53 78 53 96 73 14 85 43 18 67 56 72 28 54 34 29 44 85 68 92 43 98 86 29 44 4 37 14 50 30 67 10 29 10 67 18 8 18 14 56 8 85 60 10 92 28 28 43 57 58 30 65 25 57 57 18 47 98 47 86 97 75 59 57 95 72 81 99 93 14 77 13 39 
24 40 43 82 36 36 31 19 44 28 81 75 35 54 11 35 96 90 34 25 81 47 53 78 53 96 73 14 85 43 18 67 56 72 28 54 34 29 44 85 68 92 43 98 86 29 44 4 37 14 50 30 67 10 29 10 67 18 8 18 14 56 8 85 60 10 92 28 28 43 57 58 30 65 25 57 57 18 47 98 47 86 97 75 59 57 95 72 81 99 93 14 77 13 39 
2
34 81 47 53 78 53 96 73 14 85 43 18 67 56 72 28 54 34 29 44 85 68 92 43 98 86 29 44 4 
1
24 40 43 82 36 36 31 19 44 28 81 75 35 54 11 35 96 90 34 81 47 53 78 53 96 73 14 85 43 18 67 56 72 28 54 34 29 44 85 68 92 43 98 86 29 44 4 37 14 50 30 67 10 29 10 67 18 8 18 14 56 8 85 60 10 92 28 28 43 57 58 30 65 57 57 18 47 98 47 86 97 75 59 57 95 72 81 99 93 14 77 13 39 
86 29 44 4 37 14 50 30 67 10 29 10 67 18 8 18 14 56 8 85 60 10 92 28 28 43 57 58 30 65 57 57 18 47 98 47 86 97 
11 35 96 90 34 81 47 53 78 53 96 73 14 85 43 18 67 56 72 28 54 34 29 44 85 68 92 43 98 86 29 44 4 37 
24 40 43 82 36 36 31 19 44 28 81 75 35 54 11 35 96 90 34 81 47 53 78 53 96 73 14 85 43 18 67 56 72 28 54 34 29 44 85 68 92 43 98 86 29 44 4 37 14 50 30 67 10 29 10 67 18 8 18 14 56 8 85 60 10 92 28 28 43 57 58 30 65 57 57 18 47 98 47 86 97 75 59 57 95 72 81 99 93 14 77 13 39 76 
24 40 43 82 36 36 31 19 44 28 81 75 35 54 11 35 96 90 34 81 47 53 78 53 96 73 14 85 43 18 67 56 72 28 54 34 29 44 85 68 92 43 98 86 29 44 4 37 14 50 30 67 10 29 10 67 18 8 18 14 56 8 85 60 10 92 28 28 43 57 58 30 65 57 57 18 47 98 47 86 97 75 59 57 95 72 81 99 93 14 77 13 39 76 
36 31 19 44 28 81 75 35 54 11 35 96 90 34 81 47 53 78 53 96 73 14 85 43 18 67 56 72 28 54 34 29 44 85 68 92 43 98 86 29 44 4 37 14 50 30 67 10 29 10 67 18 8 18 14 56 8 85 60 10 92 28 28 43 57 58 
63 24 40 43 82 36 36 31 19 44 28 81 75 35 54 11 35 96 90 34 81 47 53 78 53 96 73 14 85 43 18 67 56 72 28 54 34 29 44 85 68 92 43 98 86 29 44 4 37 14 50 30 67 10 29 10 67 18 8 18 14 56 8 85 60 10 92 28 28 43 57 58 30 65 57 57 18 47 98 47 86 97 75 59 57 95 72 81 99 93 14 77 13 39 76 
2
40 43 82 36 36 31 19 44 28 81 75 35 54 11 35 96 90 34 81 47 53 78 53 96 73 14 85 43 18 67 56 28 54 34 29 44 85 68 92 43 98 86 29 44 4 37 14 50 30 67 10 29 10 67 18 8 18 14 56 8 85 60 10 92 28 28 43 57 58 
81 47 53 78 53 96 73 14 85 43 18 67 56 28 54 34 29 44 85 68 92 43 98 86 29 44 4 37 14 50 30 67 10 29 10 67 18 8 18 14 56 8 85 60 10 92 
1
35 96 90 34 81 47 53 78 53 96 73 14 85 43 18 67 56 28 54 34 29 44 85 68 92 43 98 86 29 44 4 37 14 50 30 
2
81 47 53 78 53 96 73 14 85 43 18 67 56 28 54 34 29 44 85 68 92 43 98 86 29 44 4 37 14 50 30 67 10 29 10 67 18 8 18 14 56 8 85 10 92 28 28 43 57 58 
0
2
53 96 73 14 85 43 18 67 56 28 54 34 29 44 85 68 92 43 98 86 29 44 4 37 14 50 30 67 10 29 10 67 18 8 18 14 56 8 85 10 92 28 28 43 57 58 30 65 57 57 18 47 98 47 86 97 
1
1
40 63 24 40 43 82 36 36 31 19 44 28 81 75 35 54 11 35 96 90 34 81 47 53 78 53 96 73 14 85 43 18 67 56 28 54 34 29 44 85 68 92 43 98 86 29 44 4 37 14 50 30 67 10 29 10 67 18 8 18 14 56 8 85 10 92 28 28 43 57 58 30 65 57 57 18 47 98 47 86 97 75 59 57 95 81 99 93 14 77 13 39 76 79 
40 63 24 40 43 82 36 36 31 19 44 28 81 75 35 54 11 35 96 90 34 81 47 53 78 53 96 73 14 85 43 18 67 56 28 54 34 29 44 85 68 92 43 98 86 29 44 4 37 14 50 30 67 10 29 10 67 18 8 18 14 56 8 85 10 92 28 28 43 57 58 30 65 57 57 18 47 98 47 86 97 75 59 57 95 81 99 93 14 77 13 39 76 79 
28 54 34 29 44 85 68 92 43 98 86 29 44 4 37 14 
3
99 40 63 24 40 43 82 36 36 31 19 44 28 81 75 35 54 11 35 96 90 34 81 47 53 78 53 96 73 14 85 43 18 67 56 28 54 34 29 44 85 68 92 43 98 86 29 44 4 37 14 50 30 67 10 29 10 67 18 8 18 14 56 8 85 10 92 28 28 43 57 58 30 65 57 57 18 47 98 47 86 97 75 59 57 95 81 99 93 14 77 13 39 76 79 12 89 
44 28 81 75 35 54 11 35 96 90 34 81 47 53 78 53 96 73 14 85 43 18 67 56 28 54 34 29 44 85 68 92 43 98 86 29 44 4 
99 40 63 24 40 43 82 36 36 31 19 44 28 81 75 35 54 11 35 96 90 34 81 47 53 78 53 96 73 14 85 43 18 67 56 28 54 34 29 44 85 68 92 43 98 86 29 44 4 37 14 50 30 67 10 29 10 67 18 8 18 14 56 8 85 10 92 28 28 43 57 58 30 65 57 57 18 47 98 47 86 97 75 59 57 95 81 99 93 14 77 13 39 76 79 12 89 
99 40 63 24 40 43 82 36 36 31 19 44 28 81 75 35 54 11 35 96 90 34 81 47 53 78 53 96 73 14 85 43 18 67 56 28 54 34 29 44 85 68 92 43 98 86 29 44 4 37 14 50 30 67 10 29 10 67 18 8 18 14 56 8 85 10 92 28 28 43 57 58 30 65 57 57 18 47 98 47 86 97 75 59 57 95 81 99 93 14 77 13 39 76 79 12 89 
0
1
99 40 63 24 40 43 82 36 36 31 19 44 28 81 75 35 54 11 35 96 90 34 81 47 53 78 53 96 14 85 43 18 67 56 28 54 34 29 44 85 68 92 43 98 86 29 44 4 37 14 50 30 67 10 29 10 67 18 8 18 14 56 8 85 10 92 28 28 43 57 58 30 65 57 57 18 47 98 47 86 97 75 59 57 95 81 99 93 14 77 13 39 76 79 12 89 79 88 
1
99 40 63 24 40 43 82 36 36 31 19 44 28 81 75 35 54 11 35 96 90 34 81 47 53 78 53 96 14 85 43 18 67 56 28 54 34 29 44 85 68 92 43 98 86 29 44 4 37 14 50 30 67 10 29 10 67 18 8 18 14 56 8 85 10 92 28 28 43 57 58 30 65 57 57 18 47 98 47 86 97 75 59 57 81 99 93 14 77 13 39 76 79 12 89 79 88 
99 40 63 24 40 43 82 36 36 31 19 44 28 81 75 35 54 11 35 96 90 34 81 47 53 78 53 96 14 85 43 18 67 56 28 54 34 29 44 85 68 92 43 98 86 29 44 4 37 14 50 30 67 10 29 10 67 18 8 18 14 56 8 85 10 92 28 28 43 57 58 30 65 57 57 18 47 98 47 86 97 75 59 57 81 99 93 14 77 13 39 76 79 12 89 79 88 
2
99 40 63 24 40 43 82 36 36 31 19 44 28 81 75 35 54 11 35 96 90 34 81 47 53 78 53 96 14 85 43 18 67 56 28 54 34 29 44 85 68 92 43 98 86 29 44 4 37 14 50 30 67 10 29 10 67 18 8 18 14 56 8 85 10 92 28 28 43 57 58 30 65 57 57 18 47 98 47 86 97 75 59 57 81 99 93 14 77 13 39 76 79 12 89 79 88 71 99 
99 40 63 24 40 43 82 36 36 31 19 44 28 81 75 35 54 11 35 96 90 34 81 47 53 78 53 96 14 85 43 18 67 56 28 54 34 29 44 85 68 92 43 98 86 29 44 4 37 14 50 30 67 10 29 10 67 18 8 18 14 56 8 85 10 92 28 28 43 57 58 30 65 57 57 18 47 98 47 86 97 75 59 57 81 99 93 14 77 13 39 76 79 12 89 79 88 71 99 
44 85 68 92 43 98 86 29 44 4 37 14 50 30 67 10 29 10 67 
0
78 53 96 14 85 43 18 67 56 28 54 34 29 44 85 68 92 43 98 86 29 44 4 37 14 50 30 67 10 29 10 67 18 8 18 14 56 8 85 10 92 28 28 43 57 58 
34 81 47 53 78 53 96 14 85 43 18 67 56 28 54 34 29 44 85 68 92 43 98 86 29 44 4 37 14 50 30 
11 35 96 90 34 81 47 53 78 53 96 14 85 43 18 67 56 28 54 34 29 44 85 68 92 43 98 86 29 44 4 37 14 50 30 67 10 29 10 67 18 8 18 14 56 8 85 10 92 28 28 43 57 58 30 65 57 57 18 47 98 47 86 97 75 59 57 81 99 93 14 77 13 39 
3
19 10 99 40 63 24 40 43 82 36 36 31 19 44 28 81 75 35 54 11 35 96 90 34 81 47 53 78 53 96 14 85 43 18 56 28 54 34 29 44 85 68 92 43 98 86 29 44 4 37 14 50 30 10 29 10 18 8 18 14 56 8 85 10 92 28 28 43 57 58 30 65 57 57 18 47 98 47 86 97 75 59 57 81 99 93 14 77 13 39 76 79 12 89 79 88 71 99 2 54 77 
2
1
40 63 24 40 43 82 36 36 31 19 44 28 81 75 35 54 11 35 96 90 34 81 47 53 78 53 96 14 85 43 18 56 28 54 34 29 44 85 68 92 43 98 86 29 44 4 37 14 50 30 10 29 10 
2
54 11 35 96 90 34 81 47 53 78 53 96 14 85 43 18 56 28 54 34 29 44 85 68 92 43 86 29 44 4 37 14 50 30 10 29 10 18 18 14 56 85 10 92 28 28 43 57 58 30 65 57 57 18 47 47 86 97 75 59 57 81 99 93 14 77 13 39 76 79 12 89 79 88 71 99 2 54 77 
0
4
1
4 19 10 99 40 63 24 40 43 82 36 36 31 19 44 81 75 35 54 11 35 96 90 34 81 47 53 78 53 96 14 85 43 18 56 54 34 29 44 85 68 92 43 86 29 44 4 37 14 50 30 10 29 10 18 18 14 56 85 10 92 43 57 58 30 65 57 57 18 47 47 86 97 75 59 57 81 99 93 14 77 13 39 76 79 12 89 79 88 71 99 2 54 77 1 13 
4 19 10 99 40 63 24 40 43 82 36 36 31 19 44 81 75 35 54 11 35 96 90 34 81 47 53 78 53 96 14 85 43 18 56 54 34 29 44 85 68 92 43 86 29 44 4 37 14 50 30 10 29 10 18 18 14 56 85 10 92 43 57 58 30 65 57 57 18 47 47 86 97 75 59 57 81 99 93 14 77 13 39 76 79 12 89 79 88 71 99 2 54 77 1 13 
56 54 34 29 44 85 68 92 43 86 29 44 4 37 14 50 30 10 29 10 18 18 14 56 85 10 92 43 57 58 30 65 57 57 18 47 47 86 97 
0
4 19 10 99 40 63 24 40 43 82 36 36 31 19 44 81 75 35 54 11 35 96 90 34 81 47 53 78 53 96 14 85 43 18 56 54 34 29 44 85 68 92 43 86 29 44 4 37 14 50 30 10 29 10 18 18 14 56 85 10 92 43 57 58 30 65 57 57 18 47 47 86 97 75 59 57 81 99 93 14 77 13 39 76 79 12 89 79 88 71 99 2 54 77 1 13 
3
34 29 44 85 68 92 43 86 29 44 4 37 14 50 30 10 29 10 18 18 14 56 85 10 92 43 57 58 30 65 57 57 18 86 97 75 59 57 81 99 93 14 77 13 39 
2
4 19 10 99 40 63 24 40 43 82 36 36 31 19 44 81 75 35 54 11 35 96 90 34 81 53 78 53 96 14 85 43 18 54 34 29 44 85 68 92 43 86 29 44 4 37 14 50 30 10 29 10 18 18 14 85 10 92 43 57 58 30 65 57 57 18 86 97 75 59 57 81 99 93 14 77 13 39 76 79 12 89 79 88 71 99 2 54 77 1 13 13 
4 19 10 99 40 63 24 40 43 82 36 36 31 19 44 81 75 35 54 11 35 96 90 34 81 53 78 53 96 14 85 43 18 54 34 29 44 85 68 92 43 86 29 44 4 37 14 50 30 10 29 10 18 18 14 
1
0
0
0
85 68 92 43 86 29 44 4 37 14 
0
11 35 96 90 34 81 53 78 53 96 14 85 43 18 54 34 29 44 85 68 92 43 86 29 44 4 37 14 50 30 10 29 10 
2
63 24 40 43 82 36 36 31 19 44 81 75 35 54 11 35 96 90 34 81 53 78 53 96 14 85 43 18 54 34 29 44 85 68 92 43 86 29 44 4 37 14 50 30 10 29 10 18 18 14 85 10 92 43 57 58 30 65 
0
57 4 19 10 99 40 63 24 40 43 82 36 36 31 19 44 81 75 35 54 11 35 96 90 34 81 53 78 53 96 14 85 43 18 54 34 29 44 85 68 92 43 86 29 44 4 37 14 50 30 10 29 10 18 18 14 85 10 92 43 57 58 30 65 57 57 18 86 97 75 59 57 81 99 93 14 77 13 39 76 79 12 89 79 88 71 99 2 54 77 1 13 13 
3
81 75 35 54 11 35 96 90 34 81 53 78 53 96 14 85 43 18 54 34 29 44 85 68 92 43 86 29 44 4 37 14 50 30 10 29 10 18 18 14 85 10 92 43 57 58 30 65 57 57 18 86 97 75 59 57 81 93 14 77 13 39 76 79 12 89 
10 57 4 19 10 40 63 24 40 43 82 36 36 31 19 44 81 75 35 54 11 35 96 90 34 81 53 78 53 96 14 85 43 18 54 34 29 44 85 68 92 43 86 29 44 4 37 14 50 30 10 29 10 18 18 14 85 10 92 43 57 58 30 65 57 57 18 86 97 75 59 57 81 93 14 77 13 39 76 79 12 89 79 88 71 2 54 77 1 13 13 24 
44 4 37 14 50 30 10 29 10 18 18 14 85 10 92 43 57 58 30 65 57 57 18 86 97 75 59 
44 81 75 35 54 11 35 96 90 34 81 53 78 53 96 14 85 43 18 54 34 29 44 85 68 92 43 86 29 44 4 37 14 50 30 10 29 10 18 18 14 85 10 92 43 57 58 30 65 57 57 18 86 
10 57 4 19 10 40 63 24 40 43 82 36 36 31 19 44 81 75 35 54 11 35 96 90 34 81 53 78 53 96 14 85 43 18 54 34 29 44 85 68 92 43 86 29 44 4 37 14 50 30 10 29 10 18 18 14 85 10 92 43 57 58 30 65 57 57 18 86 97 75 59 57 81 93 14 77 13 39 76 79 12 89 79 88 71 2 54 77 1 13 13 24 
2
10 57 4 19 10 40 63 24 40 43 82 36 36 31 19 44 81 75 35 54 11 35 96 90 34 81 53 78 53 96 14 85 43 18 54 34 29 44 85 68 92 43 86 29 44 4 37 14 50 30 10 29 10 18 18 14 85 10 92 43 57 58 30 65 57 57 18 86 97 75 59 57 81 93 14 77 13 39 76 79 12 89 79 88 71 2 54 77 1 13 13 24 
1
34 81 53 78 53 96 14 85 43 18 54 34 29 44 85 68 92 43 86 29 44 4 37 14 
24 40 43 82 36 36 31 19 44 81 75 35 54 11 35 96 90 34 81 53 78 53 96 14 85 43 18 54 34 29 44 85 68 92 43 86 29 44 4 37 
0
92 10 57 4 19 10 40 63 24 40 43 82 36 36 31 19 44 81 75 35 54 11 35 96 90 34 81 53 78 53 96 14 85 43 18 54 34 29 44 85 68 92 43 86 29 44 4 37 14 50 30 10 29 10 18 18 14 85 10 92 43 57 58 30 65 57 57 18 86 97 75 59 57 81 93 14 77 13 39 76 79 12 89 79 88 71 2 54 77 1 13 13 24 96 
34 29 44 85 68 92 43 86 29 44 4 37 14 50 30 10 29 10 18 18 14 85 10 
0
0
2
92 43 86 29 44 4 37 14 50 30 10 29 10 18 18 14 85 10 92 43 57 58 30 65 57 57 18 86 97 75 59 57 81 93 14 
86 92 10 57 4 19 10 40 63 24 40 43 82 36 36 31 19 44 81 75 35 54 11 35 96 90 34 81 53 78 53 96 14 85 43 18 54 34 29 44 85 68 92 43 86 29 44 4 37 14 50 30 10 29 10 18 18 14 85 10 92 43 57 58 30 65 57 57 18 86 97 75 59 57 81 93 14 77 13 39 76 79 12 89 79 88 71 2 54 77 1 13 13 24 96 95 44 85 
36 31 19 44 81 75 35 54 11 35 96 90 34 81 53 78 53 96 14 85 43 18 54 34 29 44 85 68 92 43 86 29 44 4 37 14 50 30 10 29 10 18 18 14 85 10 92 43 57 58 30 65 57 57 18 86 97 75 59 57 81 93 14 77 13 39 76 79 
4 86 92 10 57 4 19 10 40 63 24 40 43 82 36 36 31 19 44 81 75 35 54 11 35 96 90 34 81 53 78 53 96 14 85 43 18 54 34 29 44 85 68 92 43 86 29 44 4 37 14 50 30 10 29 10 18 18 14 85 10 92 43 57 58 30 65 57 57 18 86 97 75 59 57 81 93 14 77 13 39 76 79 12 89 79 88 71 2 54 77 1 13 13 24 96 95 44 85 
4 86 92 10 57 4 19 10 40 63 24 40 43 82 36 36 31 19 44 81 75 35 54 11 35 96 90 34 81 53 78 53 96 14 85 43 18 54 34 29 44 85 68 92 43 86 29 44 4 37 14 50 30 10 29 10 18 18 14 85 10 92 43 57 58 30 65 57 57 18 86 97 75 59 57 81 93 14 77 13 39 76 79 12 89 79 88 71 2 54 77 1 13 13 24 96 95 44 85 
4
4 86 92 10 57 4 19 10 40 63 24 40 43 82 36 36 31 19 44 81 75 35 54 11 35 96 90 34 81 53 78 53 96 14 43 18 54 34 29 44 68 92 43 86 29 44 4 37 14 50 30 10 29 10 18 18 14 10 92 43 57 58 30 
1
0
0
35 54 11 35 96 90 34 81 53 78 53 96 14 43 18 54 34 29 44 68 92 43 86 29 44 4 37 14 50 30 10 29 10 18 18 14 10 92 43 57 58 30 65 57 57 18 86 97 75 59 57 81 93 14 77 13 
1
53 78 53 96 14 43 18 54 34 29 44 68 92 43 86 29 44 4 37 14 50 30 10 29 10 
0
35 96 34 81 53 78 53 96 14 43 18 54 34 29 44 68 92 43 86 29 44 4 37 14 50 30 10 29 10 18 18 14 10 92 43 57 58 30 65 57 57 18 86 97 75 59 57 81 93 14 77 13 39 76 79 12 89 79 88 71 
4 86 92 10 57 4 19 10 40 63 24 40 43 82 36 36 31 19 44 81 75 35 54 11 35 96 34 81 53 78 53 96 14 43 18 54 34 29 44 68 92 43 86 29 44 4 37 14 50 30 10 29 10 18 18 14 10 92 43 57 58 30 65 57 57 18 86 97 75 59 57 81 93 14 77 13 39 76 79 12 89 79 88 71 2 54 77 1 13 13 24 96 95 44 
27 4 86 92 10 57 4 19 10 40 63 24 40 43 82 36 36 31 19 44 81 75 35 54 11 35 96 34 81 53 78 53 96 14 43 18 54 34 29 44 68 92 43 86 29 44 4 37 14 50 30 10 29 10 18 18 14 10 92 43 57 58 30 65 57 57 18 86 97 75 59 57 81 93 14 77 13 39 76 79 12 89 79 88 71 2 54 77 1 13 13 24 96 95 44 
1
1
0
5
95 27 4 86 92 10 57 4 19 10 40 63 24 40 43 82 36 36 31 19 44 81 75 35 54 11 35 96 34 81 53 78 53 96 14 43 18 54 34 29 44 68 92 43 86 29 44 4 37 14 50 30 10 29 10 18 18 14 10 92 43 57 58 30 65 57 57 18 86 97 75 59 57 81 93 14 77 13 39 76 79 12 89 79 88 71 54 77 1 13 13 24 96 95 44 
95 27 4 86 92 10 57 4 19 10 40 63 24 40 43 82 36 36 31 19 44 81 75 35 54 11 35 96 34 81 53 78 53 96 14 43 18 54 34 29 44 68 92 43 86 29 44 4 37 14 50 30 10 29 10 18 18 14 10 92 43 57 58 30 65 57 57 18 86 97 75 59 57 81 93 14 77 13 39 76 79 12 89 79 88 71 54 77 1 13 13 24 96 95 44 
1
0
95 27 4 86 92 10 57 4 19 10 40 63 24 40 43 82 36 36 31 19 44 81 75 35 54 11 35 96 34 81 53 78 53 96 14 43 18 54 34 29 44 68 92 43 86 29 44 4 37 14 50 30 10 29 10 18 18 14 10 92 43 57 58 30 57 57 18 86 97 75 59 57 81 93 14 77 13 39 76 79 12 89 79 88 71 54 77 1 13 13 24 96 95 44 
43 82 36 36 31 19 44 81 75 35 54 11 35 96 34 81 53 78 53 96 14 43 18 54 34 29 44 68 92 43 86 29 44 4 37 14 50 30 10 29 10 18 
